Using pre-set license
Built from '2021.3/staging' branch; Version is '2021.3.1f1 (3b70a0754835) revision 3895456'; Using compiler version '192829333'; Build Type 'Release'
OS: 'Windows 10  (10.0.19043) 64bit CoreSingleLanguage' Language: 'ru' Physical Memory: 15741 MB
BatchMode: 1, IsHumanControllingUs: 0, StartBugReporterOnCrash: 0, Is64bit: 1, IsPro: 1

COMMAND LINE ARGUMENTS:
C:\Program Files\Unity\Hub\Editor\2021.3.1f1\Editor\Unity.exe
-adb2
-batchMode
-noUpm
-name
AssetImportWorker4
-projectPath
D:/Unity_projects/Imaginarium_Git/Imaginarium
-logFile
Logs/AssetImportWorker4.log
-srvPort
51963
Successfully changed project path to: D:/Unity_projects/Imaginarium_Git/Imaginarium
D:/Unity_projects/Imaginarium_Git/Imaginarium
[UnityMemory] Configuration Parameters - Can be set up in boot.config
    "memorysetup-bucket-allocator-granularity=16"
    "memorysetup-bucket-allocator-bucket-count=8"
    "memorysetup-bucket-allocator-block-size=33554432"
    "memorysetup-bucket-allocator-block-count=8"
    "memorysetup-main-allocator-block-size=16777216"
    "memorysetup-thread-allocator-block-size=16777216"
    "memorysetup-gfx-main-allocator-block-size=16777216"
    "memorysetup-gfx-thread-allocator-block-size=16777216"
    "memorysetup-cache-allocator-block-size=4194304"
    "memorysetup-typetree-allocator-block-size=2097152"
    "memorysetup-profiler-bucket-allocator-granularity=16"
    "memorysetup-profiler-bucket-allocator-bucket-count=8"
    "memorysetup-profiler-bucket-allocator-block-size=33554432"
    "memorysetup-profiler-bucket-allocator-block-count=8"
    "memorysetup-profiler-allocator-block-size=16777216"
    "memorysetup-profiler-editor-allocator-block-size=1048576"
    "memorysetup-temp-allocator-size-main=16777216"
    "memorysetup-job-temp-allocator-block-size=2097152"
    "memorysetup-job-temp-allocator-block-size-background=1048576"
    "memorysetup-job-temp-allocator-reduction-small-platforms=262144"
    "memorysetup-temp-allocator-size-background-worker=32768"
    "memorysetup-temp-allocator-size-job-worker=262144"
    "memorysetup-temp-allocator-size-preload-manager=33554432"
    "memorysetup-temp-allocator-size-nav-mesh-worker=65536"
    "memorysetup-temp-allocator-size-audio-worker=65536"
    "memorysetup-temp-allocator-size-cloud-worker=32768"
    "memorysetup-temp-allocator-size-gi-baking-worker=262144"
    "memorysetup-temp-allocator-size-gfx=262144"
Refreshing native plugins compatible for Editor in 102.01 ms, found 4 plugins.
Preloading 0 native plugins for Editor in 0.00 ms.
Initialize engine version: 2021.3.1f1 (3b70a0754835)
[Subsystems] Discovering subsystems at path C:/Program Files/Unity/Hub/Editor/2021.3.1f1/Editor/Data/Resources/UnitySubsystems
[Subsystems] Discovering subsystems at path D:/Unity_projects/Imaginarium_Git/Imaginarium/Assets
GfxDevice: creating device client; threaded=0; jobified=0
Direct3D:
    Version:  Direct3D 11.0 [level 11.1]
    Renderer: NVIDIA GeForce GTX 1650 Ti (ID=0x1f95)
    Vendor:   NVIDIA
    VRAM:     3962 MB
    Driver:   30.0.14.9649
Initialize mono
Mono path[0] = 'C:/Program Files/Unity/Hub/Editor/2021.3.1f1/Editor/Data/Managed'
Mono path[1] = 'C:/Program Files/Unity/Hub/Editor/2021.3.1f1/Editor/Data/MonoBleedingEdge/lib/mono/unityjit-win32'
Mono config path = 'C:/Program Files/Unity/Hub/Editor/2021.3.1f1/Editor/Data/MonoBleedingEdge/etc'
Using monoOptions --debugger-agent=transport=dt_socket,embedding=1,server=y,suspend=n,address=127.0.0.1:56648
Begin MonoManager ReloadAssembly
Registering precompiled unity dll's ...
Register platform support module: C:/Program Files/Unity/Hub/Editor/2021.3.1f1/Editor/Data/PlaybackEngines/AndroidPlayer/UnityEditor.Android.Extensions.dll
Register platform support module: C:/Program Files/Unity/Hub/Editor/2021.3.1f1/Editor/Data/PlaybackEngines/iOSSupport/UnityEditor.iOS.Extensions.dll
Register platform support module: C:/Program Files/Unity/Hub/Editor/2021.3.1f1/Editor/Data/PlaybackEngines/WindowsStandaloneSupport/UnityEditor.WindowsStandalone.Extensions.dll
Registered in 0.010240 seconds.
Native extension for WindowsStandalone target not found
[usbmuxd] Start listen thread
[usbmuxd] Listen thread started
Native extension for iOS target not found
Native extension for Android target not found
Refreshing native plugins compatible for Editor in 108.16 ms, found 4 plugins.
Preloading 0 native plugins for Editor in 0.00 ms.
Mono: successfully reloaded assembly
- Completed reload, in  0.691 seconds
Domain Reload Profiling:
	ReloadAssembly (691ms)
		BeginReloadAssembly (73ms)
			ExecutionOrderSort (0ms)
			DisableScriptedObjects (0ms)
			BackupInstance (0ms)
			ReleaseScriptingObjects (0ms)
			CreateAndSetChildDomain (1ms)
		EndReloadAssembly (504ms)
			LoadAssemblies (71ms)
			RebuildTransferFunctionScriptingTraits (0ms)
			SetupTypeCache (105ms)
			ReleaseScriptCaches (0ms)
			RebuildScriptCaches (24ms)
			SetupLoadedEditorAssemblies (320ms)
				LogAssemblyErrors (0ms)
				InitializePlatformSupportModulesInManaged (65ms)
				SetLoadedEditorAssemblies (0ms)
				RefreshPlugins (108ms)
				BeforeProcessingInitializeOnLoad (1ms)
				ProcessInitializeOnLoadAttributes (90ms)
				ProcessInitializeOnLoadMethodAttributes (55ms)
				AfterProcessingInitializeOnLoad (0ms)
				EditorAssembliesLoaded (0ms)
			ExecutionOrderSort2 (0ms)
			AwakeInstancesAfterBackupRestoration (0ms)
Platform modules already initialized, skipping
Registering precompiled user dll's ...
Registered in 0.005152 seconds.
Begin MonoManager ReloadAssembly
Symbol file LoadedFromMemory doesn't match image D:\Unity_projects\Imaginarium_Git\Imaginarium\Library\PackageCache\com.unity.visualscripting@1.7.6\Editor\VisualScripting.Core\Dependencies\DotNetZip\Unity.VisualScripting.IonicZip.dll
Symbol file LoadedFromMemory doesn't match image D:\Unity_projects\Imaginarium_Git\Imaginarium\Library\PackageCache\com.unity.visualscripting@1.7.6\Editor\VisualScripting.Core\Dependencies\YamlDotNet\Unity.VisualScripting.YamlDotNet.dll
Symbol file LoadedFromMemory is not a mono symbol file
Native extension for WindowsStandalone target not found
Native extension for iOS target not found
Native extension for Android target not found
Refreshing native plugins compatible for Editor in 100.52 ms, found 4 plugins.
Preloading 0 native plugins for Editor in 0.00 ms.
Mono: successfully reloaded assembly
Package Manager log level set to [2]
- Completed reload, in  1.313 seconds
Domain Reload Profiling:
	ReloadAssembly (1314ms)
		BeginReloadAssembly (234ms)
			ExecutionOrderSort (0ms)
			DisableScriptedObjects (7ms)
			BackupInstance (0ms)
			ReleaseScriptingObjects (0ms)
			CreateAndSetChildDomain (145ms)
		EndReloadAssembly (965ms)
			LoadAssemblies (122ms)
			RebuildTransferFunctionScriptingTraits (0ms)
			SetupTypeCache (247ms)
			ReleaseScriptCaches (1ms)
			RebuildScriptCaches (67ms)
			SetupLoadedEditorAssemblies (482ms)
				LogAssemblyErrors (0ms)
				InitializePlatformSupportModulesInManaged (27ms)
				SetLoadedEditorAssemblies (0ms)
				RefreshPlugins (101ms)
				BeforeProcessingInitializeOnLoad (103ms)
				ProcessInitializeOnLoadAttributes (199ms)
				ProcessInitializeOnLoadMethodAttributes (41ms)
				AfterProcessingInitializeOnLoad (11ms)
				EditorAssembliesLoaded (0ms)
			ExecutionOrderSort2 (0ms)
			AwakeInstancesAfterBackupRestoration (5ms)
Platform modules already initialized, skipping
========================================================================
Worker process is ready to serve import requests
Launched and connected shader compiler UnityShaderCompiler.exe after 0.06 seconds
Refreshing native plugins compatible for Editor in 0.89 ms, found 4 plugins.
Preloading 0 native plugins for Editor in 0.00 ms.
Unloading 4403 Unused Serialized files (Serialized files now loaded: 0)
Unloading 64 unused Assets / (226.6 KB). Loaded Objects now: 4837.
Memory consumption went from 165.1 MB to 164.8 MB.
Total: 4.898500 ms (FindLiveObjects: 0.457000 ms CreateObjectMapping: 0.389500 ms MarkObjects: 3.836800 ms  DeleteObjects: 0.213500 ms)

AssetImportParameters requested are different than current active one (requested -> active):
  custom:video-decoder-ogg-theora: a1e56fd34408186e4bbccfd4996cb3dc -> 
  custom:container-muxer-webm: aa71ff27fc2769a1b78a27578f13a17b -> 
  custom:container-demuxer-webm: 4f35f7cbe854078d1ac9338744f61a02 -> 
  custom:video-encoder-webm-vp8: eb34c28f22e8b96e1ab97ce403110664 -> 
  custom:video-codec-MediaFoundation-h265: 746d11721c4dcdbdad8f713fa42b33f4 -> 
  custom:audio-encoder-webm-vorbis: bf7c407c2cedff20999df2af8eb42d56 -> 
  custom:framework-win-MediaFoundation: 216162199b28c13a410421893ffa2e32 -> 
  custom:container-demuxer-ogg: 62fdf1f143b41e24485cea50d1cbac27 -> 
  custom:video-decoder-webm-vp8: 9c59270c3fd7afecdb556c50c9e8de78 -> 
  custom:audio-decoder-ogg-vorbis: bf7c407c2cedff20999df2af8eb42d56 -> 
========================================================================
Received Import Request.
  Time since last request: 243689.914096 seconds.
  path: Assets/MainFolders/Textures/Cards/11.png
  artifactKey: Guid(6a8e53afb84799d409f63322ae616b38) Importer(815301076,1909f56bfc062723c751e8b465ee728b)
Start importing Assets/MainFolders/Textures/Cards/11.png using Guid(6a8e53afb84799d409f63322ae616b38) Importer(815301076,1909f56bfc062723c751e8b465ee728b)  -> (artifact id: '27f2b0d46a615e77d9357f48b43367f1') in 0.251146 seconds 
========================================================================
Received Import Request.
  Time since last request: 0.000042 seconds.
  path: Assets/MainFolders/Textures/Cards/20.png
  artifactKey: Guid(9dbca0462bc8bc44b82b1bcded705f5a) Importer(815301076,1909f56bfc062723c751e8b465ee728b)
Start importing Assets/MainFolders/Textures/Cards/20.png using Guid(9dbca0462bc8bc44b82b1bcded705f5a) Importer(815301076,1909f56bfc062723c751e8b465ee728b)  -> (artifact id: '7545825d8246009be7e1367d216485f2') in 0.204486 seconds 
========================================================================
Received Import Request.
  Time since last request: 0.000030 seconds.
  path: Assets/MainFolders/Textures/Cards/04.png
  artifactKey: Guid(6ae592aa983a57b498be176d9bf3b706) Importer(815301076,1909f56bfc062723c751e8b465ee728b)
Start importing Assets/MainFolders/Textures/Cards/04.png using Guid(6ae592aa983a57b498be176d9bf3b706) Importer(815301076,1909f56bfc062723c751e8b465ee728b)  -> (artifact id: '1a870943161b4a9b716c31f62f3b6ad4') in 0.147415 seconds 
========================================================================
Received Import Request.
  Time since last request: 26.515689 seconds.
  path: Assets/MainFolders/Textures/Cards/рубашка.png
  artifactKey: Guid(ba1d258d78bc4ad4784fc4317054e49b) Importer(815301076,1909f56bfc062723c751e8b465ee728b)
Start importing Assets/MainFolders/Textures/Cards/рубашка.png using Guid(ba1d258d78bc4ad4784fc4317054e49b) Importer(815301076,1909f56bfc062723c751e8b465ee728b)  -> (artifact id: '714b0db5460d63a1c8e01ab36bde6d03') in 0.139382 seconds 
========================================================================
Received Import Request.
  Time since last request: 32.875112 seconds.
  path: Assets/MainFolders/Textures/Cards/01.png
  artifactKey: Guid(faf8b7826012847489906b3a54ee474d) Importer(815301076,1909f56bfc062723c751e8b465ee728b)
Start importing Assets/MainFolders/Textures/Cards/01.png using Guid(faf8b7826012847489906b3a54ee474d) Importer(815301076,1909f56bfc062723c751e8b465ee728b)  -> (artifact id: 'fd542804c37ec41685bce7f0c7bf76f5') in 0.134509 seconds 
========================================================================
Received Import Request.
  Time since last request: 9.939407 seconds.
  path: Assets/MainFolders/Textures/Cards/01.png
  artifactKey: Guid(faf8b7826012847489906b3a54ee474d) Importer(815301076,1909f56bfc062723c751e8b465ee728b)
Start importing Assets/MainFolders/Textures/Cards/01.png using Guid(faf8b7826012847489906b3a54ee474d) Importer(815301076,1909f56bfc062723c751e8b465ee728b)  -> (artifact id: '424e74cd13965eeb8b18f604fd114529') in 0.143960 seconds 
========================================================================
Received Import Request.
  Time since last request: 13.680295 seconds.
  path: Assets/MainFolders/Textures/Cards/02.png
  artifactKey: Guid(fd65ebf27af6ef14395b1ed4e9640c83) Importer(815301076,1909f56bfc062723c751e8b465ee728b)
Start importing Assets/MainFolders/Textures/Cards/02.png using Guid(fd65ebf27af6ef14395b1ed4e9640c83) Importer(815301076,1909f56bfc062723c751e8b465ee728b)  -> (artifact id: '9ecba6c6c0a9d0612432af483e4be1d4') in 0.239293 seconds 
========================================================================
Received Import Request.
  Time since last request: 6.195751 seconds.
  path: Assets/MainFolders/Textures/Cards/03.png
  artifactKey: Guid(7dd9f57bd8d7f1e42b11b485ddf66a36) Importer(815301076,1909f56bfc062723c751e8b465ee728b)
Start importing Assets/MainFolders/Textures/Cards/03.png using Guid(7dd9f57bd8d7f1e42b11b485ddf66a36) Importer(815301076,1909f56bfc062723c751e8b465ee728b)  -> (artifact id: '44aedcbcdebdc9463cb0fe2558dd10d1') in 0.142378 seconds 
========================================================================
Received Import Request.
  Time since last request: 9.039950 seconds.
  path: Assets/MainFolders/Textures/Cards/04.png
  artifactKey: Guid(6ae592aa983a57b498be176d9bf3b706) Importer(815301076,1909f56bfc062723c751e8b465ee728b)
Start importing Assets/MainFolders/Textures/Cards/04.png using Guid(6ae592aa983a57b498be176d9bf3b706) Importer(815301076,1909f56bfc062723c751e8b465ee728b)  -> (artifact id: 'aa77ea091b46bac34d017a66f8c8b8f6') in 0.243360 seconds 
========================================================================
Received Import Request.
  Time since last request: 5.803332 seconds.
  path: Assets/MainFolders/Textures/Cards/05.png
  artifactKey: Guid(9ad53d4b069626c449cfa96e5a2a446b) Importer(815301076,1909f56bfc062723c751e8b465ee728b)
Start importing Assets/MainFolders/Textures/Cards/05.png using Guid(9ad53d4b069626c449cfa96e5a2a446b) Importer(815301076,1909f56bfc062723c751e8b465ee728b)  -> (artifact id: '05788187f7d14b0c23f49e4a18ebab82') in 0.410557 seconds 
========================================================================
Received Import Request.
  Time since last request: 19.569844 seconds.
  path: Assets/MainFolders/Textures/Cards/06.png
  artifactKey: Guid(f1b08999b99cf2d40acbca4515d44e50) Importer(815301076,1909f56bfc062723c751e8b465ee728b)
Start importing Assets/MainFolders/Textures/Cards/06.png using Guid(f1b08999b99cf2d40acbca4515d44e50) Importer(815301076,1909f56bfc062723c751e8b465ee728b)  -> (artifact id: '0b6477255f21e3046278e7606d482ea5') in 0.096464 seconds 
========================================================================
Received Import Request.
  Time since last request: 25.596344 seconds.
  path: Assets/MainFolders/Textures/Cards/07.png
  artifactKey: Guid(24d03a4c781138c4d80b5f5ed72fe20a) Importer(815301076,1909f56bfc062723c751e8b465ee728b)
Start importing Assets/MainFolders/Textures/Cards/07.png using Guid(24d03a4c781138c4d80b5f5ed72fe20a) Importer(815301076,1909f56bfc062723c751e8b465ee728b)  -> (artifact id: '44b0f9e799ebac8bc00b4ab019317dad') in 0.121663 seconds 
========================================================================
Received Import Request.
  Time since last request: 7.751849 seconds.
  path: Assets/MainFolders/Textures/Cards/08.png
  artifactKey: Guid(4b40c3ffba0187c48ac3db85e9cb1b1a) Importer(815301076,1909f56bfc062723c751e8b465ee728b)
Start importing Assets/MainFolders/Textures/Cards/08.png using Guid(4b40c3ffba0187c48ac3db85e9cb1b1a) Importer(815301076,1909f56bfc062723c751e8b465ee728b)  -> (artifact id: '85d1f2a3a8bbc789e830421eb55a2f84') in 0.229867 seconds 
========================================================================
Received Import Request.
  Time since last request: 7.835662 seconds.
  path: Assets/MainFolders/Textures/Cards/09.png
  artifactKey: Guid(d8bd44b2325de7f419e4c89ce5b4db2a) Importer(815301076,1909f56bfc062723c751e8b465ee728b)
Start importing Assets/MainFolders/Textures/Cards/09.png using Guid(d8bd44b2325de7f419e4c89ce5b4db2a) Importer(815301076,1909f56bfc062723c751e8b465ee728b)  -> (artifact id: '10c4128ec030ade63424eb41ea014619') in 0.106434 seconds 
========================================================================
Received Import Request.
  Time since last request: 10.512407 seconds.
  path: Assets/MainFolders/Textures/Cards/09.png
  artifactKey: Guid(d8bd44b2325de7f419e4c89ce5b4db2a) Importer(815301076,1909f56bfc062723c751e8b465ee728b)
Start importing Assets/MainFolders/Textures/Cards/09.png using Guid(d8bd44b2325de7f419e4c89ce5b4db2a) Importer(815301076,1909f56bfc062723c751e8b465ee728b)  -> (artifact id: 'ee29e0a16a67b52aba80d4a67d823149') in 0.099656 seconds 
========================================================================
Received Import Request.
  Time since last request: 2.740935 seconds.
  path: Assets/MainFolders/Textures/Cards/10.png
  artifactKey: Guid(df8e9cc7455af8b4c90079ff0b5496f7) Importer(815301076,1909f56bfc062723c751e8b465ee728b)
Start importing Assets/MainFolders/Textures/Cards/10.png using Guid(df8e9cc7455af8b4c90079ff0b5496f7) Importer(815301076,1909f56bfc062723c751e8b465ee728b)  -> (artifact id: 'f6c7caa21f96d7cb069e8de4f15abe4a') in 0.106398 seconds 
========================================================================
Received Import Request.
  Time since last request: 2.682454 seconds.
  path: Assets/MainFolders/Textures/Cards/11.png
  artifactKey: Guid(6a8e53afb84799d409f63322ae616b38) Importer(815301076,1909f56bfc062723c751e8b465ee728b)
Start importing Assets/MainFolders/Textures/Cards/11.png using Guid(6a8e53afb84799d409f63322ae616b38) Importer(815301076,1909f56bfc062723c751e8b465ee728b)  -> (artifact id: '82a957dc6ad359e6e5f78f60fe2714e9') in 0.095492 seconds 
========================================================================
Received Import Request.
  Time since last request: 2.584112 seconds.
  path: Assets/MainFolders/Textures/Cards/12.png
  artifactKey: Guid(9594b664c116dd846864f10a924bcceb) Importer(815301076,1909f56bfc062723c751e8b465ee728b)
Start importing Assets/MainFolders/Textures/Cards/12.png using Guid(9594b664c116dd846864f10a924bcceb) Importer(815301076,1909f56bfc062723c751e8b465ee728b)  -> (artifact id: '3068b5d69f1cdbefcd5c0b1c9b83f01f') in 0.133079 seconds 
========================================================================
Received Import Request.
  Time since last request: 4.062227 seconds.
  path: Assets/MainFolders/Textures/Cards/13.png
  artifactKey: Guid(2af971fa5d7a93344b243b03a840cc04) Importer(815301076,1909f56bfc062723c751e8b465ee728b)
Start importing Assets/MainFolders/Textures/Cards/13.png using Guid(2af971fa5d7a93344b243b03a840cc04) Importer(815301076,1909f56bfc062723c751e8b465ee728b)  -> (artifact id: '75e8e43ee67824b34099de74c1d6a8b5') in 0.149745 seconds 
========================================================================
Received Import Request.
  Time since last request: 2.419333 seconds.
  path: Assets/MainFolders/Textures/Cards/14.png
  artifactKey: Guid(664234da924fc3d41bd899eac99ec1e9) Importer(815301076,1909f56bfc062723c751e8b465ee728b)
Start importing Assets/MainFolders/Textures/Cards/14.png using Guid(664234da924fc3d41bd899eac99ec1e9) Importer(815301076,1909f56bfc062723c751e8b465ee728b)  -> (artifact id: '95209c69c8f996576a140995cb390e8d') in 0.132064 seconds 
========================================================================
Received Import Request.
  Time since last request: 2.622241 seconds.
  path: Assets/MainFolders/Textures/Cards/15.png
  artifactKey: Guid(7e6b8dceb66302d4fa78867a89bf85a8) Importer(815301076,1909f56bfc062723c751e8b465ee728b)
Start importing Assets/MainFolders/Textures/Cards/15.png using Guid(7e6b8dceb66302d4fa78867a89bf85a8) Importer(815301076,1909f56bfc062723c751e8b465ee728b)  -> (artifact id: 'a32859ac252ed8bdbfbe8b117b846d34') in 0.154675 seconds 
========================================================================
Received Import Request.
  Time since last request: 2.637497 seconds.
  path: Assets/MainFolders/Textures/Cards/16.png
  artifactKey: Guid(3a00dcf361bca1a409b441670b70698a) Importer(815301076,1909f56bfc062723c751e8b465ee728b)
Start importing Assets/MainFolders/Textures/Cards/16.png using Guid(3a00dcf361bca1a409b441670b70698a) Importer(815301076,1909f56bfc062723c751e8b465ee728b)  -> (artifact id: '2db46dce01bc466cbe21e76f4812e971') in 0.141916 seconds 
========================================================================
Received Import Request.
  Time since last request: 22.984017 seconds.
  path: Assets/MainFolders/Textures/Cards/17.png
  artifactKey: Guid(2e40197ac466d6a408f7cdefc0f4d8bd) Importer(815301076,1909f56bfc062723c751e8b465ee728b)
Start importing Assets/MainFolders/Textures/Cards/17.png using Guid(2e40197ac466d6a408f7cdefc0f4d8bd) Importer(815301076,1909f56bfc062723c751e8b465ee728b)  -> (artifact id: '1b782710790446fe27fb1ae6c9ad7870') in 0.127050 seconds 
========================================================================
Received Import Request.
  Time since last request: 4.382418 seconds.
  path: Assets/MainFolders/Textures/Cards/18.png
  artifactKey: Guid(ac8b03081343f1b4ba1c8bc7260a5def) Importer(815301076,1909f56bfc062723c751e8b465ee728b)
Start importing Assets/MainFolders/Textures/Cards/18.png using Guid(ac8b03081343f1b4ba1c8bc7260a5def) Importer(815301076,1909f56bfc062723c751e8b465ee728b)  -> (artifact id: '5a1601a78a401c5eea88d368945c1106') in 0.106354 seconds 
========================================================================
Received Import Request.
  Time since last request: 3.023186 seconds.
  path: Assets/MainFolders/Textures/Cards/19.png
  artifactKey: Guid(082c73282883c43448592cf512e83823) Importer(815301076,1909f56bfc062723c751e8b465ee728b)
Start importing Assets/MainFolders/Textures/Cards/19.png using Guid(082c73282883c43448592cf512e83823) Importer(815301076,1909f56bfc062723c751e8b465ee728b)  -> (artifact id: '8a6640e87e9fb15069e4529e3a485eea') in 0.107811 seconds 
========================================================================
Received Import Request.
  Time since last request: 3.060206 seconds.
  path: Assets/MainFolders/Textures/Cards/20.png
  artifactKey: Guid(9dbca0462bc8bc44b82b1bcded705f5a) Importer(815301076,1909f56bfc062723c751e8b465ee728b)
Start importing Assets/MainFolders/Textures/Cards/20.png using Guid(9dbca0462bc8bc44b82b1bcded705f5a) Importer(815301076,1909f56bfc062723c751e8b465ee728b)  -> (artifact id: 'b33e4e2ed7822ac4d519ed2da1ff2e7e') in 0.138553 seconds 
========================================================================
Received Import Request.
  Time since last request: 3.111616 seconds.
  path: Assets/MainFolders/Textures/Cards/21.png
  artifactKey: Guid(2725e9dd99cd7104f837fdc22ac82eba) Importer(815301076,1909f56bfc062723c751e8b465ee728b)
Start importing Assets/MainFolders/Textures/Cards/21.png using Guid(2725e9dd99cd7104f837fdc22ac82eba) Importer(815301076,1909f56bfc062723c751e8b465ee728b)  -> (artifact id: 'a74763caeb0171a052c3b4ef3a117b21') in 0.187650 seconds 
========================================================================
Received Import Request.
  Time since last request: 3.268943 seconds.
  path: Assets/MainFolders/Textures/Cards/22.png
  artifactKey: Guid(84e651151d942c94aa59472334b371e8) Importer(815301076,1909f56bfc062723c751e8b465ee728b)
Start importing Assets/MainFolders/Textures/Cards/22.png using Guid(84e651151d942c94aa59472334b371e8) Importer(815301076,1909f56bfc062723c751e8b465ee728b)  -> (artifact id: '097537583a51bbe2805c16ffde2467d1') in 0.140296 seconds 
========================================================================
Received Import Request.
  Time since last request: 3.302264 seconds.
  path: Assets/MainFolders/Textures/Cards/23.png
  artifactKey: Guid(7a86dbbd3dedce84398d7f25265c3b29) Importer(815301076,1909f56bfc062723c751e8b465ee728b)
Start importing Assets/MainFolders/Textures/Cards/23.png using Guid(7a86dbbd3dedce84398d7f25265c3b29) Importer(815301076,1909f56bfc062723c751e8b465ee728b)  -> (artifact id: '51eb9fda7234c630b1e145b37206e331') in 0.146764 seconds 
========================================================================
Received Import Request.
  Time since last request: 3.149682 seconds.
  path: Assets/MainFolders/Textures/Cards/24.png
  artifactKey: Guid(a1e7c418565075a4b921f160f31d2f47) Importer(815301076,1909f56bfc062723c751e8b465ee728b)
Start importing Assets/MainFolders/Textures/Cards/24.png using Guid(a1e7c418565075a4b921f160f31d2f47) Importer(815301076,1909f56bfc062723c751e8b465ee728b)  -> (artifact id: 'f0bd4ac9818237df7be3897dda713fd4') in 0.124246 seconds 
========================================================================
Received Import Request.
  Time since last request: 2.315066 seconds.
  path: Assets/MainFolders/Textures/Cards/25.png
  artifactKey: Guid(31a0ae22cd0ed7f4fb4e17ccfba2731a) Importer(815301076,1909f56bfc062723c751e8b465ee728b)
Start importing Assets/MainFolders/Textures/Cards/25.png using Guid(31a0ae22cd0ed7f4fb4e17ccfba2731a) Importer(815301076,1909f56bfc062723c751e8b465ee728b)  -> (artifact id: '338bb0b250faaf02af92ea1beb0c841a') in 1.002410 seconds 
========================================================================
Received Import Request.
  Time since last request: 1.831670 seconds.
  path: Assets/MainFolders/Textures/Cards/26.png
  artifactKey: Guid(5881749093c970e4d989bb1ac9a210be) Importer(815301076,1909f56bfc062723c751e8b465ee728b)
Start importing Assets/MainFolders/Textures/Cards/26.png using Guid(5881749093c970e4d989bb1ac9a210be) Importer(815301076,1909f56bfc062723c751e8b465ee728b)  -> (artifact id: '3710066609c3ce88d57116445921a835') in 0.121596 seconds 
========================================================================
Received Import Request.
  Time since last request: 4.183001 seconds.
  path: Assets/MainFolders/Textures/Cards/27.png
  artifactKey: Guid(c666afd69412a4440a84c67dfea7512c) Importer(815301076,1909f56bfc062723c751e8b465ee728b)
Start importing Assets/MainFolders/Textures/Cards/27.png using Guid(c666afd69412a4440a84c67dfea7512c) Importer(815301076,1909f56bfc062723c751e8b465ee728b)  -> (artifact id: '271c2df59fe7c8e32f0c4148fc8caab1') in 0.137595 seconds 
========================================================================
Received Import Request.
  Time since last request: 7.275379 seconds.
  path: Assets/MainFolders/Textures/Cards/28.png
  artifactKey: Guid(0470aae9f7f7d8541b467b3dce362740) Importer(815301076,1909f56bfc062723c751e8b465ee728b)
Start importing Assets/MainFolders/Textures/Cards/28.png using Guid(0470aae9f7f7d8541b467b3dce362740) Importer(815301076,1909f56bfc062723c751e8b465ee728b)  -> (artifact id: 'df8171c548f455109fde6f80501c1df5') in 0.129670 seconds 
========================================================================
Received Import Request.
  Time since last request: 5.613978 seconds.
  path: Assets/MainFolders/Textures/Cards/29.png
  artifactKey: Guid(2b028eca0bb8f0841a8f34385028c495) Importer(815301076,1909f56bfc062723c751e8b465ee728b)
Start importing Assets/MainFolders/Textures/Cards/29.png using Guid(2b028eca0bb8f0841a8f34385028c495) Importer(815301076,1909f56bfc062723c751e8b465ee728b)  -> (artifact id: '0dfc064de1e4b002a38841ef92073441') in 1.084063 seconds 
========================================================================
Received Import Request.
  Time since last request: 2.008420 seconds.
  path: Assets/MainFolders/Textures/Cards/30.png
  artifactKey: Guid(1ddeb76e73b1ef94ca8b1ded1f2457ce) Importer(815301076,1909f56bfc062723c751e8b465ee728b)
Start importing Assets/MainFolders/Textures/Cards/30.png using Guid(1ddeb76e73b1ef94ca8b1ded1f2457ce) Importer(815301076,1909f56bfc062723c751e8b465ee728b)  -> (artifact id: 'f2d255ecefa34c884d569558b5af6ccf') in 0.114474 seconds 
========================================================================
Received Import Request.
  Time since last request: 3.730939 seconds.
  path: Assets/MainFolders/Textures/Cards/31.png
  artifactKey: Guid(c563de49b38de0840ad500b53bf9f9a2) Importer(815301076,1909f56bfc062723c751e8b465ee728b)
Start importing Assets/MainFolders/Textures/Cards/31.png using Guid(c563de49b38de0840ad500b53bf9f9a2) Importer(815301076,1909f56bfc062723c751e8b465ee728b)  -> (artifact id: 'a9cc3bfe68996c3bcbc8a61cc65951cd') in 0.093512 seconds 
========================================================================
Received Import Request.
  Time since last request: 3.372486 seconds.
  path: Assets/MainFolders/Textures/Cards/32.png
  artifactKey: Guid(5bf8a3a866348dd4e97c27116826905c) Importer(815301076,1909f56bfc062723c751e8b465ee728b)
Start importing Assets/MainFolders/Textures/Cards/32.png using Guid(5bf8a3a866348dd4e97c27116826905c) Importer(815301076,1909f56bfc062723c751e8b465ee728b)  -> (artifact id: '932ad156a1b91b2d9bfe09e87824b7a8') in 0.090265 seconds 
========================================================================
Received Import Request.
  Time since last request: 4.618396 seconds.
  path: Assets/MainFolders/Textures/Cards/33.png
  artifactKey: Guid(27f992a03dee6c04c975e62f303559a6) Importer(815301076,1909f56bfc062723c751e8b465ee728b)
Start importing Assets/MainFolders/Textures/Cards/33.png using Guid(27f992a03dee6c04c975e62f303559a6) Importer(815301076,1909f56bfc062723c751e8b465ee728b)  -> (artifact id: 'd01b74a172927df4f9d14b7dbb2460e6') in 0.291752 seconds 
========================================================================
Received Import Request.
  Time since last request: 2.527658 seconds.
  path: Assets/MainFolders/Textures/Cards/34.png
  artifactKey: Guid(5c8c7c5aaa1a9aa4a9200d54fe78be58) Importer(815301076,1909f56bfc062723c751e8b465ee728b)
Start importing Assets/MainFolders/Textures/Cards/34.png using Guid(5c8c7c5aaa1a9aa4a9200d54fe78be58) Importer(815301076,1909f56bfc062723c751e8b465ee728b)  -> (artifact id: '04f8d41adddd1d7d88de85835503d0f7') in 0.126687 seconds 
========================================================================
Received Import Request.
  Time since last request: 3.437195 seconds.
  path: Assets/MainFolders/Textures/Cards/35.png
  artifactKey: Guid(f255853861e39864bb471bdde47fe5b9) Importer(815301076,1909f56bfc062723c751e8b465ee728b)
Start importing Assets/MainFolders/Textures/Cards/35.png using Guid(f255853861e39864bb471bdde47fe5b9) Importer(815301076,1909f56bfc062723c751e8b465ee728b)  -> (artifact id: 'f9d2247bfb6934cf877cc82199fe2eab') in 0.116137 seconds 
========================================================================
Received Import Request.
  Time since last request: 2.861305 seconds.
  path: Assets/MainFolders/Textures/Cards/36.png
  artifactKey: Guid(d828e224edb028940a8c7991e9443945) Importer(815301076,1909f56bfc062723c751e8b465ee728b)
Start importing Assets/MainFolders/Textures/Cards/36.png using Guid(d828e224edb028940a8c7991e9443945) Importer(815301076,1909f56bfc062723c751e8b465ee728b)  -> (artifact id: '55721595010675341f9d58ddfa2dda71') in 0.140847 seconds 
========================================================================
Received Import Request.
  Time since last request: 3.858793 seconds.
  path: Assets/MainFolders/Textures/Cards/37.png
  artifactKey: Guid(bf0b3a565cbdc06449ce38b58d4d9cea) Importer(815301076,1909f56bfc062723c751e8b465ee728b)
Start importing Assets/MainFolders/Textures/Cards/37.png using Guid(bf0b3a565cbdc06449ce38b58d4d9cea) Importer(815301076,1909f56bfc062723c751e8b465ee728b)  -> (artifact id: 'c34e4f4bd641f37111cf6acef310dd7a') in 0.137002 seconds 
========================================================================
Received Import Request.
  Time since last request: 2.745081 seconds.
  path: Assets/MainFolders/Textures/Cards/38.png
  artifactKey: Guid(f904c0c4fcff1ff4d8641a63c192faab) Importer(815301076,1909f56bfc062723c751e8b465ee728b)
Start importing Assets/MainFolders/Textures/Cards/38.png using Guid(f904c0c4fcff1ff4d8641a63c192faab) Importer(815301076,1909f56bfc062723c751e8b465ee728b)  -> (artifact id: '453d71dd3c125af491255213f1b33d99') in 0.128278 seconds 
========================================================================
Received Import Request.
  Time since last request: 2.631002 seconds.
  path: Assets/MainFolders/Textures/Cards/39.png
  artifactKey: Guid(a50d5ff9a4a4d964798ee59738c55399) Importer(815301076,1909f56bfc062723c751e8b465ee728b)
Start importing Assets/MainFolders/Textures/Cards/39.png using Guid(a50d5ff9a4a4d964798ee59738c55399) Importer(815301076,1909f56bfc062723c751e8b465ee728b)  -> (artifact id: 'b2d954026f40b1874732246f0f2fec76') in 0.114727 seconds 
========================================================================
Received Import Request.
  Time since last request: 3.456333 seconds.
  path: Assets/MainFolders/Textures/Cards/40.png
  artifactKey: Guid(b60150d73a7b0e14f9560a7af722db56) Importer(815301076,1909f56bfc062723c751e8b465ee728b)
Start importing Assets/MainFolders/Textures/Cards/40.png using Guid(b60150d73a7b0e14f9560a7af722db56) Importer(815301076,1909f56bfc062723c751e8b465ee728b)  -> (artifact id: '5dab9f646e1c4a701c0b039afc001a17') in 0.140786 seconds 
========================================================================
Received Import Request.
  Time since last request: 3.005794 seconds.
  path: Assets/MainFolders/Textures/Cards/41.png
  artifactKey: Guid(5ca21fcac8efbd54fa50627b98981065) Importer(815301076,1909f56bfc062723c751e8b465ee728b)
Start importing Assets/MainFolders/Textures/Cards/41.png using Guid(5ca21fcac8efbd54fa50627b98981065) Importer(815301076,1909f56bfc062723c751e8b465ee728b)  -> (artifact id: '46434c85374625cfa122b6b8e92b9ae9') in 0.237277 seconds 
========================================================================
Received Import Request.
  Time since last request: 3.873223 seconds.
  path: Assets/MainFolders/Textures/Cards/42.png
  artifactKey: Guid(80d98b05ab5e4c34db369f59ccb13003) Importer(815301076,1909f56bfc062723c751e8b465ee728b)
Start importing Assets/MainFolders/Textures/Cards/42.png using Guid(80d98b05ab5e4c34db369f59ccb13003) Importer(815301076,1909f56bfc062723c751e8b465ee728b)  -> (artifact id: 'd4a6c1256240e8a78b8f82a20f45ddb0') in 0.134344 seconds 
========================================================================
Received Import Request.
  Time since last request: 2.308702 seconds.
  path: Assets/MainFolders/Textures/Cards/43.png
  artifactKey: Guid(6845884fd749c74489ec25b343911891) Importer(815301076,1909f56bfc062723c751e8b465ee728b)
Start importing Assets/MainFolders/Textures/Cards/43.png using Guid(6845884fd749c74489ec25b343911891) Importer(815301076,1909f56bfc062723c751e8b465ee728b)  -> (artifact id: 'd102f650aef43cd4626352bc3ec36bc4') in 0.126359 seconds 
========================================================================
Received Import Request.
  Time since last request: 2.842519 seconds.
  path: Assets/MainFolders/Textures/Cards/44.png
  artifactKey: Guid(e63ee695f7141c9468304679a01c95a7) Importer(815301076,1909f56bfc062723c751e8b465ee728b)
Start importing Assets/MainFolders/Textures/Cards/44.png using Guid(e63ee695f7141c9468304679a01c95a7) Importer(815301076,1909f56bfc062723c751e8b465ee728b)  -> (artifact id: '1e43ced37fcf1793b6156d522a35478c') in 0.123983 seconds 
========================================================================
Received Import Request.
  Time since last request: 3.310986 seconds.
  path: Assets/MainFolders/Textures/Cards/45.png
  artifactKey: Guid(07d139d1d3e535a4c992de4bf7ae6704) Importer(815301076,1909f56bfc062723c751e8b465ee728b)
Start importing Assets/MainFolders/Textures/Cards/45.png using Guid(07d139d1d3e535a4c992de4bf7ae6704) Importer(815301076,1909f56bfc062723c751e8b465ee728b)  -> (artifact id: '43380cecd9b0a3ecbd7cb4a9dbe86271') in 0.344986 seconds 
========================================================================
Received Import Request.
  Time since last request: 2.452782 seconds.
  path: Assets/MainFolders/Textures/Cards/46.png
  artifactKey: Guid(d826d6ff0fc4b4e468c4b3f4ca740163) Importer(815301076,1909f56bfc062723c751e8b465ee728b)
Start importing Assets/MainFolders/Textures/Cards/46.png using Guid(d826d6ff0fc4b4e468c4b3f4ca740163) Importer(815301076,1909f56bfc062723c751e8b465ee728b)  -> (artifact id: 'd0ee7e9009014b3d9d2d84f86edcc577') in 0.115996 seconds 
========================================================================
Received Import Request.
  Time since last request: 3.227976 seconds.
  path: Assets/MainFolders/Textures/Cards/47.png
  artifactKey: Guid(80f332e3fe6d54c4a9e81723b85061ba) Importer(815301076,1909f56bfc062723c751e8b465ee728b)
Start importing Assets/MainFolders/Textures/Cards/47.png using Guid(80f332e3fe6d54c4a9e81723b85061ba) Importer(815301076,1909f56bfc062723c751e8b465ee728b)  -> (artifact id: '88e16b86726acb9766ec358907140022') in 0.121745 seconds 
========================================================================
Received Import Request.
  Time since last request: 2.979330 seconds.
  path: Assets/MainFolders/Textures/Cards/48.png
  artifactKey: Guid(975c539876948f94da7bf709a0574669) Importer(815301076,1909f56bfc062723c751e8b465ee728b)
Start importing Assets/MainFolders/Textures/Cards/48.png using Guid(975c539876948f94da7bf709a0574669) Importer(815301076,1909f56bfc062723c751e8b465ee728b)  -> (artifact id: 'fef8638e39cd3c4cc05db7e2edaf8aed') in 0.118638 seconds 
========================================================================
Received Import Request.
  Time since last request: 3.680344 seconds.
  path: Assets/MainFolders/Textures/Cards/49.png
  artifactKey: Guid(67c87f31b16b4624c86f1c56085ddcc4) Importer(815301076,1909f56bfc062723c751e8b465ee728b)
Start importing Assets/MainFolders/Textures/Cards/49.png using Guid(67c87f31b16b4624c86f1c56085ddcc4) Importer(815301076,1909f56bfc062723c751e8b465ee728b)  -> (artifact id: 'd2d095f3b708180bce71becd1d231356') in 0.231656 seconds 
========================================================================
Received Import Request.
  Time since last request: 2.703674 seconds.
  path: Assets/MainFolders/Textures/Cards/50.png
  artifactKey: Guid(665f94b82b977f7458c27b2059be2458) Importer(815301076,1909f56bfc062723c751e8b465ee728b)
Start importing Assets/MainFolders/Textures/Cards/50.png using Guid(665f94b82b977f7458c27b2059be2458) Importer(815301076,1909f56bfc062723c751e8b465ee728b)  -> (artifact id: 'd48bac546787b92e2dd3f6b567a96664') in 0.130746 seconds 
========================================================================
Received Import Request.
  Time since last request: 786.096775 seconds.
  path: Assets/MainFolders/Prefabs/CardPrefab.prefab
  artifactKey: Guid(58cf8318bb203b7458786e3cd6a4ba2a) Importer(815301076,1909f56bfc062723c751e8b465ee728b)
Start importing Assets/MainFolders/Prefabs/CardPrefab.prefab using Guid(58cf8318bb203b7458786e3cd6a4ba2a) Importer(815301076,1909f56bfc062723c751e8b465ee728b)  -> (artifact id: '8a543081c35b35bda2dd76422c319b3a') in 0.021450 seconds 
========================================================================
Received Import Request.
  Time since last request: 6.867344 seconds.
  path: Assets/MainFolders/Prefabs/CardPrefab.prefab
  artifactKey: Guid(58cf8318bb203b7458786e3cd6a4ba2a) Importer(815301076,1909f56bfc062723c751e8b465ee728b)
Start importing Assets/MainFolders/Prefabs/CardPrefab.prefab using Guid(58cf8318bb203b7458786e3cd6a4ba2a) Importer(815301076,1909f56bfc062723c751e8b465ee728b)  -> (artifact id: '705b81b03ebe87ec8ca176e7ccea4479') in 0.004623 seconds 
========================================================================
Received Import Request.
  Time since last request: 156.275871 seconds.
  path: Assets/MainFolders/Prefabs/CardPrefab.prefab
  artifactKey: Guid(58cf8318bb203b7458786e3cd6a4ba2a) Importer(815301076,1909f56bfc062723c751e8b465ee728b)
Start importing Assets/MainFolders/Prefabs/CardPrefab.prefab using Guid(58cf8318bb203b7458786e3cd6a4ba2a) Importer(815301076,1909f56bfc062723c751e8b465ee728b)  -> (artifact id: '5dd3af0bac00b8e33b01e0d1c5bdfcaa') in 0.004803 seconds 
========================================================================
Received Prepare
Registering precompiled user dll's ...
Registered in 0.004482 seconds.
Begin MonoManager ReloadAssembly
Symbol file LoadedFromMemory doesn't match image D:\Unity_projects\Imaginarium_Git\Imaginarium\Library\PackageCache\com.unity.visualscripting@1.7.6\Editor\VisualScripting.Core\Dependencies\DotNetZip\Unity.VisualScripting.IonicZip.dll
Symbol file LoadedFromMemory doesn't match image D:\Unity_projects\Imaginarium_Git\Imaginarium\Library\PackageCache\com.unity.visualscripting@1.7.6\Editor\VisualScripting.Core\Dependencies\YamlDotNet\Unity.VisualScripting.YamlDotNet.dll
Symbol file LoadedFromMemory is not a mono symbol file
Native extension for WindowsStandalone target not found
Native extension for iOS target not found
Native extension for Android target not found
Refreshing native plugins compatible for Editor in 0.94 ms, found 4 plugins.
Preloading 0 native plugins for Editor in 0.00 ms.
Mono: successfully reloaded assembly
- Completed reload, in  0.980 seconds
Domain Reload Profiling:
	ReloadAssembly (980ms)
		BeginReloadAssembly (123ms)
			ExecutionOrderSort (0ms)
			DisableScriptedObjects (5ms)
			BackupInstance (0ms)
			ReleaseScriptingObjects (0ms)
			CreateAndSetChildDomain (38ms)
		EndReloadAssembly (766ms)
			LoadAssemblies (84ms)
			RebuildTransferFunctionScriptingTraits (0ms)
			SetupTypeCache (229ms)
			ReleaseScriptCaches (1ms)
			RebuildScriptCaches (47ms)
			SetupLoadedEditorAssemblies (353ms)
				LogAssemblyErrors (0ms)
				InitializePlatformSupportModulesInManaged (33ms)
				SetLoadedEditorAssemblies (0ms)
				RefreshPlugins (1ms)
				BeforeProcessingInitializeOnLoad (81ms)
				ProcessInitializeOnLoadAttributes (190ms)
				ProcessInitializeOnLoadMethodAttributes (38ms)
				AfterProcessingInitializeOnLoad (8ms)
				EditorAssembliesLoaded (0ms)
			ExecutionOrderSort2 (0ms)
			AwakeInstancesAfterBackupRestoration (8ms)
Platform modules already initialized, skipping
Refreshing native plugins compatible for Editor in 3.62 ms, found 4 plugins.
Preloading 0 native plugins for Editor in 0.00 ms.
Unloading 4384 Unused Serialized files (Serialized files now loaded: 0)
Unloading 50 unused Assets / (193.5 KB). Loaded Objects now: 4847.
Memory consumption went from 168.0 MB to 167.8 MB.
Total: 3.782600 ms (FindLiveObjects: 0.478000 ms CreateObjectMapping: 0.196100 ms MarkObjects: 2.959500 ms  DeleteObjects: 0.147400 ms)

AssetImportParameters requested are different than current active one (requested -> active):
  custom:video-decoder-ogg-theora: a1e56fd34408186e4bbccfd4996cb3dc -> 
  custom:container-muxer-webm: aa71ff27fc2769a1b78a27578f13a17b -> 
  custom:container-demuxer-webm: 4f35f7cbe854078d1ac9338744f61a02 -> 
  custom:video-encoder-webm-vp8: eb34c28f22e8b96e1ab97ce403110664 -> 
  custom:video-codec-MediaFoundation-h265: 746d11721c4dcdbdad8f713fa42b33f4 -> 
  custom:audio-encoder-webm-vorbis: bf7c407c2cedff20999df2af8eb42d56 -> 
  custom:framework-win-MediaFoundation: 216162199b28c13a410421893ffa2e32 -> 
  custom:container-demuxer-ogg: 62fdf1f143b41e24485cea50d1cbac27 -> 
  custom:video-decoder-webm-vp8: 9c59270c3fd7afecdb556c50c9e8de78 -> 
  custom:audio-decoder-ogg-vorbis: bf7c407c2cedff20999df2af8eb42d56 -> 
========================================================================
Received Prepare
Registering precompiled user dll's ...
Registered in 0.004434 seconds.
Begin MonoManager ReloadAssembly
Symbol file LoadedFromMemory doesn't match image D:\Unity_projects\Imaginarium_Git\Imaginarium\Library\PackageCache\com.unity.visualscripting@1.7.6\Editor\VisualScripting.Core\Dependencies\DotNetZip\Unity.VisualScripting.IonicZip.dll
Symbol file LoadedFromMemory doesn't match image D:\Unity_projects\Imaginarium_Git\Imaginarium\Library\PackageCache\com.unity.visualscripting@1.7.6\Editor\VisualScripting.Core\Dependencies\YamlDotNet\Unity.VisualScripting.YamlDotNet.dll
Symbol file LoadedFromMemory is not a mono symbol file
Native extension for WindowsStandalone target not found
Native extension for iOS target not found
Native extension for Android target not found
Refreshing native plugins compatible for Editor in 0.98 ms, found 4 plugins.
Preloading 0 native plugins for Editor in 0.00 ms.
Mono: successfully reloaded assembly
- Completed reload, in  0.939 seconds
Domain Reload Profiling:
	ReloadAssembly (940ms)
		BeginReloadAssembly (132ms)
			ExecutionOrderSort (0ms)
			DisableScriptedObjects (6ms)
			BackupInstance (0ms)
			ReleaseScriptingObjects (0ms)
			CreateAndSetChildDomain (38ms)
		EndReloadAssembly (712ms)
			LoadAssemblies (88ms)
			RebuildTransferFunctionScriptingTraits (0ms)
			SetupTypeCache (217ms)
			ReleaseScriptCaches (1ms)
			RebuildScriptCaches (51ms)
			SetupLoadedEditorAssemblies (312ms)
				LogAssemblyErrors (0ms)
				InitializePlatformSupportModulesInManaged (30ms)
				SetLoadedEditorAssemblies (0ms)
				RefreshPlugins (1ms)
				BeforeProcessingInitializeOnLoad (73ms)
				ProcessInitializeOnLoadAttributes (166ms)
				ProcessInitializeOnLoadMethodAttributes (34ms)
				AfterProcessingInitializeOnLoad (8ms)
				EditorAssembliesLoaded (0ms)
			ExecutionOrderSort2 (0ms)
			AwakeInstancesAfterBackupRestoration (7ms)
Platform modules already initialized, skipping
Refreshing native plugins compatible for Editor in 2.85 ms, found 4 plugins.
Preloading 0 native plugins for Editor in 0.00 ms.
Unloading 4384 Unused Serialized files (Serialized files now loaded: 0)
Unloading 50 unused Assets / (193.5 KB). Loaded Objects now: 4851.
Memory consumption went from 168.0 MB to 167.8 MB.
Total: 3.074800 ms (FindLiveObjects: 0.310000 ms CreateObjectMapping: 0.101200 ms MarkObjects: 2.509900 ms  DeleteObjects: 0.151800 ms)

AssetImportParameters requested are different than current active one (requested -> active):
  custom:video-decoder-ogg-theora: a1e56fd34408186e4bbccfd4996cb3dc -> 
  custom:container-muxer-webm: aa71ff27fc2769a1b78a27578f13a17b -> 
  custom:container-demuxer-webm: 4f35f7cbe854078d1ac9338744f61a02 -> 
  custom:video-encoder-webm-vp8: eb34c28f22e8b96e1ab97ce403110664 -> 
  custom:video-codec-MediaFoundation-h265: 746d11721c4dcdbdad8f713fa42b33f4 -> 
  custom:audio-encoder-webm-vorbis: bf7c407c2cedff20999df2af8eb42d56 -> 
  custom:framework-win-MediaFoundation: 216162199b28c13a410421893ffa2e32 -> 
  custom:container-demuxer-ogg: 62fdf1f143b41e24485cea50d1cbac27 -> 
  custom:video-decoder-webm-vp8: 9c59270c3fd7afecdb556c50c9e8de78 -> 
  custom:audio-decoder-ogg-vorbis: bf7c407c2cedff20999df2af8eb42d56 -> 
========================================================================
Received Prepare
Registering precompiled user dll's ...
Registered in 0.004581 seconds.
Begin MonoManager ReloadAssembly
Symbol file LoadedFromMemory doesn't match image D:\Unity_projects\Imaginarium_Git\Imaginarium\Library\PackageCache\com.unity.visualscripting@1.7.6\Editor\VisualScripting.Core\Dependencies\DotNetZip\Unity.VisualScripting.IonicZip.dll
Symbol file LoadedFromMemory doesn't match image D:\Unity_projects\Imaginarium_Git\Imaginarium\Library\PackageCache\com.unity.visualscripting@1.7.6\Editor\VisualScripting.Core\Dependencies\YamlDotNet\Unity.VisualScripting.YamlDotNet.dll
Symbol file LoadedFromMemory is not a mono symbol file
Native extension for WindowsStandalone target not found
Native extension for iOS target not found
Native extension for Android target not found
Refreshing native plugins compatible for Editor in 0.93 ms, found 4 plugins.
Preloading 0 native plugins for Editor in 0.00 ms.
Mono: successfully reloaded assembly
- Completed reload, in  0.915 seconds
Domain Reload Profiling:
	ReloadAssembly (916ms)
		BeginReloadAssembly (121ms)
			ExecutionOrderSort (0ms)
			DisableScriptedObjects (6ms)
			BackupInstance (0ms)
			ReleaseScriptingObjects (0ms)
			CreateAndSetChildDomain (36ms)
		EndReloadAssembly (706ms)
			LoadAssemblies (86ms)
			RebuildTransferFunctionScriptingTraits (0ms)
			SetupTypeCache (227ms)
			ReleaseScriptCaches (1ms)
			RebuildScriptCaches (42ms)
			SetupLoadedEditorAssemblies (312ms)
				LogAssemblyErrors (0ms)
				InitializePlatformSupportModulesInManaged (31ms)
				SetLoadedEditorAssemblies (0ms)
				RefreshPlugins (1ms)
				BeforeProcessingInitializeOnLoad (75ms)
				ProcessInitializeOnLoadAttributes (165ms)
				ProcessInitializeOnLoadMethodAttributes (31ms)
				AfterProcessingInitializeOnLoad (8ms)
				EditorAssembliesLoaded (0ms)
			ExecutionOrderSort2 (0ms)
			AwakeInstancesAfterBackupRestoration (7ms)
Platform modules already initialized, skipping
Refreshing native plugins compatible for Editor in 2.79 ms, found 4 plugins.
Preloading 0 native plugins for Editor in 0.00 ms.
Unloading 4384 Unused Serialized files (Serialized files now loaded: 0)
Unloading 50 unused Assets / (193.5 KB). Loaded Objects now: 4855.
Memory consumption went from 168.0 MB to 167.8 MB.
Total: 3.124900 ms (FindLiveObjects: 0.380700 ms CreateObjectMapping: 0.099900 ms MarkObjects: 2.491100 ms  DeleteObjects: 0.151300 ms)

AssetImportParameters requested are different than current active one (requested -> active):
  custom:video-decoder-ogg-theora: a1e56fd34408186e4bbccfd4996cb3dc -> 
  custom:container-muxer-webm: aa71ff27fc2769a1b78a27578f13a17b -> 
  custom:container-demuxer-webm: 4f35f7cbe854078d1ac9338744f61a02 -> 
  custom:video-encoder-webm-vp8: eb34c28f22e8b96e1ab97ce403110664 -> 
  custom:video-codec-MediaFoundation-h265: 746d11721c4dcdbdad8f713fa42b33f4 -> 
  custom:audio-encoder-webm-vorbis: bf7c407c2cedff20999df2af8eb42d56 -> 
  custom:framework-win-MediaFoundation: 216162199b28c13a410421893ffa2e32 -> 
  custom:container-demuxer-ogg: 62fdf1f143b41e24485cea50d1cbac27 -> 
  custom:video-decoder-webm-vp8: 9c59270c3fd7afecdb556c50c9e8de78 -> 
  custom:audio-decoder-ogg-vorbis: bf7c407c2cedff20999df2af8eb42d56 -> 
========================================================================
Received Prepare
Registering precompiled user dll's ...
Registered in 0.004267 seconds.
Begin MonoManager ReloadAssembly
Symbol file LoadedFromMemory doesn't match image D:\Unity_projects\Imaginarium_Git\Imaginarium\Library\PackageCache\com.unity.visualscripting@1.7.6\Editor\VisualScripting.Core\Dependencies\DotNetZip\Unity.VisualScripting.IonicZip.dll
Symbol file LoadedFromMemory doesn't match image D:\Unity_projects\Imaginarium_Git\Imaginarium\Library\PackageCache\com.unity.visualscripting@1.7.6\Editor\VisualScripting.Core\Dependencies\YamlDotNet\Unity.VisualScripting.YamlDotNet.dll
Symbol file LoadedFromMemory is not a mono symbol file
Native extension for WindowsStandalone target not found
Native extension for iOS target not found
Native extension for Android target not found
Refreshing native plugins compatible for Editor in 0.91 ms, found 4 plugins.
Preloading 0 native plugins for Editor in 0.00 ms.
Mono: successfully reloaded assembly
- Completed reload, in  0.902 seconds
Domain Reload Profiling:
	ReloadAssembly (903ms)
		BeginReloadAssembly (123ms)
			ExecutionOrderSort (0ms)
			DisableScriptedObjects (6ms)
			BackupInstance (0ms)
			ReleaseScriptingObjects (0ms)
			CreateAndSetChildDomain (35ms)
		EndReloadAssembly (685ms)
			LoadAssemblies (89ms)
			RebuildTransferFunctionScriptingTraits (0ms)
			SetupTypeCache (212ms)
			ReleaseScriptCaches (1ms)
			RebuildScriptCaches (40ms)
			SetupLoadedEditorAssemblies (309ms)
				LogAssemblyErrors (0ms)
				InitializePlatformSupportModulesInManaged (32ms)
				SetLoadedEditorAssemblies (0ms)
				RefreshPlugins (1ms)
				BeforeProcessingInitializeOnLoad (73ms)
				ProcessInitializeOnLoadAttributes (164ms)
				ProcessInitializeOnLoadMethodAttributes (30ms)
				AfterProcessingInitializeOnLoad (8ms)
				EditorAssembliesLoaded (0ms)
			ExecutionOrderSort2 (0ms)
			AwakeInstancesAfterBackupRestoration (7ms)
Platform modules already initialized, skipping
Refreshing native plugins compatible for Editor in 2.81 ms, found 4 plugins.
Preloading 0 native plugins for Editor in 0.00 ms.
Unloading 4384 Unused Serialized files (Serialized files now loaded: 0)
Unloading 50 unused Assets / (193.6 KB). Loaded Objects now: 4859.
Memory consumption went from 168.0 MB to 167.8 MB.
Total: 3.537200 ms (FindLiveObjects: 0.417400 ms CreateObjectMapping: 0.197100 ms MarkObjects: 2.767300 ms  DeleteObjects: 0.153900 ms)

AssetImportParameters requested are different than current active one (requested -> active):
  custom:video-decoder-ogg-theora: a1e56fd34408186e4bbccfd4996cb3dc -> 
  custom:container-muxer-webm: aa71ff27fc2769a1b78a27578f13a17b -> 
  custom:container-demuxer-webm: 4f35f7cbe854078d1ac9338744f61a02 -> 
  custom:video-encoder-webm-vp8: eb34c28f22e8b96e1ab97ce403110664 -> 
  custom:video-codec-MediaFoundation-h265: 746d11721c4dcdbdad8f713fa42b33f4 -> 
  custom:audio-encoder-webm-vorbis: bf7c407c2cedff20999df2af8eb42d56 -> 
  custom:framework-win-MediaFoundation: 216162199b28c13a410421893ffa2e32 -> 
  custom:container-demuxer-ogg: 62fdf1f143b41e24485cea50d1cbac27 -> 
  custom:video-decoder-webm-vp8: 9c59270c3fd7afecdb556c50c9e8de78 -> 
  custom:audio-decoder-ogg-vorbis: bf7c407c2cedff20999df2af8eb42d56 -> 
========================================================================
Received Prepare
Registering precompiled user dll's ...
Registered in 0.004284 seconds.
Begin MonoManager ReloadAssembly
Symbol file LoadedFromMemory doesn't match image D:\Unity_projects\Imaginarium_Git\Imaginarium\Library\PackageCache\com.unity.visualscripting@1.7.6\Editor\VisualScripting.Core\Dependencies\DotNetZip\Unity.VisualScripting.IonicZip.dll
Symbol file LoadedFromMemory doesn't match image D:\Unity_projects\Imaginarium_Git\Imaginarium\Library\PackageCache\com.unity.visualscripting@1.7.6\Editor\VisualScripting.Core\Dependencies\YamlDotNet\Unity.VisualScripting.YamlDotNet.dll
Symbol file LoadedFromMemory is not a mono symbol file
Native extension for WindowsStandalone target not found
Native extension for iOS target not found
Native extension for Android target not found
Refreshing native plugins compatible for Editor in 0.92 ms, found 4 plugins.
Preloading 0 native plugins for Editor in 0.00 ms.
Mono: successfully reloaded assembly
- Completed reload, in  0.889 seconds
Domain Reload Profiling:
	ReloadAssembly (890ms)
		BeginReloadAssembly (125ms)
			ExecutionOrderSort (0ms)
			DisableScriptedObjects (6ms)
			BackupInstance (0ms)
			ReleaseScriptingObjects (0ms)
			CreateAndSetChildDomain (35ms)
		EndReloadAssembly (676ms)
			LoadAssemblies (89ms)
			RebuildTransferFunctionScriptingTraits (0ms)
			SetupTypeCache (209ms)
			ReleaseScriptCaches (1ms)
			RebuildScriptCaches (41ms)
			SetupLoadedEditorAssemblies (303ms)
				LogAssemblyErrors (0ms)
				InitializePlatformSupportModulesInManaged (32ms)
				SetLoadedEditorAssemblies (0ms)
				RefreshPlugins (1ms)
				BeforeProcessingInitializeOnLoad (71ms)
				ProcessInitializeOnLoadAttributes (159ms)
				ProcessInitializeOnLoadMethodAttributes (31ms)
				AfterProcessingInitializeOnLoad (8ms)
				EditorAssembliesLoaded (0ms)
			ExecutionOrderSort2 (0ms)
			AwakeInstancesAfterBackupRestoration (7ms)
Platform modules already initialized, skipping
Refreshing native plugins compatible for Editor in 2.80 ms, found 4 plugins.
Preloading 0 native plugins for Editor in 0.00 ms.
Unloading 4384 Unused Serialized files (Serialized files now loaded: 0)
Unloading 50 unused Assets / (193.6 KB). Loaded Objects now: 4863.
Memory consumption went from 168.0 MB to 167.9 MB.
Total: 3.440200 ms (FindLiveObjects: 0.415300 ms CreateObjectMapping: 0.200300 ms MarkObjects: 2.672700 ms  DeleteObjects: 0.150500 ms)

AssetImportParameters requested are different than current active one (requested -> active):
  custom:video-decoder-ogg-theora: a1e56fd34408186e4bbccfd4996cb3dc -> 
  custom:container-muxer-webm: aa71ff27fc2769a1b78a27578f13a17b -> 
  custom:container-demuxer-webm: 4f35f7cbe854078d1ac9338744f61a02 -> 
  custom:video-encoder-webm-vp8: eb34c28f22e8b96e1ab97ce403110664 -> 
  custom:video-codec-MediaFoundation-h265: 746d11721c4dcdbdad8f713fa42b33f4 -> 
  custom:audio-encoder-webm-vorbis: bf7c407c2cedff20999df2af8eb42d56 -> 
  custom:framework-win-MediaFoundation: 216162199b28c13a410421893ffa2e32 -> 
  custom:container-demuxer-ogg: 62fdf1f143b41e24485cea50d1cbac27 -> 
  custom:video-decoder-webm-vp8: 9c59270c3fd7afecdb556c50c9e8de78 -> 
  custom:audio-decoder-ogg-vorbis: bf7c407c2cedff20999df2af8eb42d56 -> 
========================================================================
Received Prepare
Registering precompiled user dll's ...
Registered in 0.004971 seconds.
Begin MonoManager ReloadAssembly
Symbol file LoadedFromMemory doesn't match image D:\Unity_projects\Imaginarium_Git\Imaginarium\Library\PackageCache\com.unity.visualscripting@1.7.6\Editor\VisualScripting.Core\Dependencies\DotNetZip\Unity.VisualScripting.IonicZip.dll
Symbol file LoadedFromMemory doesn't match image D:\Unity_projects\Imaginarium_Git\Imaginarium\Library\PackageCache\com.unity.visualscripting@1.7.6\Editor\VisualScripting.Core\Dependencies\YamlDotNet\Unity.VisualScripting.YamlDotNet.dll
Symbol file LoadedFromMemory is not a mono symbol file
Native extension for WindowsStandalone target not found
Native extension for iOS target not found
Native extension for Android target not found
Refreshing native plugins compatible for Editor in 0.92 ms, found 4 plugins.
Preloading 0 native plugins for Editor in 0.00 ms.
Mono: successfully reloaded assembly
- Completed reload, in  0.913 seconds
Domain Reload Profiling:
	ReloadAssembly (913ms)
		BeginReloadAssembly (122ms)
			ExecutionOrderSort (0ms)
			DisableScriptedObjects (7ms)
			BackupInstance (0ms)
			ReleaseScriptingObjects (0ms)
			CreateAndSetChildDomain (34ms)
		EndReloadAssembly (703ms)
			LoadAssemblies (84ms)
			RebuildTransferFunctionScriptingTraits (0ms)
			SetupTypeCache (226ms)
			ReleaseScriptCaches (2ms)
			RebuildScriptCaches (41ms)
			SetupLoadedEditorAssemblies (309ms)
				LogAssemblyErrors (0ms)
				InitializePlatformSupportModulesInManaged (30ms)
				SetLoadedEditorAssemblies (0ms)
				RefreshPlugins (1ms)
				BeforeProcessingInitializeOnLoad (75ms)
				ProcessInitializeOnLoadAttributes (165ms)
				ProcessInitializeOnLoadMethodAttributes (30ms)
				AfterProcessingInitializeOnLoad (8ms)
				EditorAssembliesLoaded (0ms)
			ExecutionOrderSort2 (0ms)
			AwakeInstancesAfterBackupRestoration (7ms)
Platform modules already initialized, skipping
Refreshing native plugins compatible for Editor in 2.84 ms, found 4 plugins.
Preloading 0 native plugins for Editor in 0.00 ms.
Unloading 4384 Unused Serialized files (Serialized files now loaded: 0)
Unloading 50 unused Assets / (193.7 KB). Loaded Objects now: 4867.
Memory consumption went from 168.1 MB to 167.9 MB.
Total: 3.579800 ms (FindLiveObjects: 0.370000 ms CreateObjectMapping: 0.102400 ms MarkObjects: 2.952300 ms  DeleteObjects: 0.153400 ms)

AssetImportParameters requested are different than current active one (requested -> active):
  custom:video-decoder-ogg-theora: a1e56fd34408186e4bbccfd4996cb3dc -> 
  custom:container-muxer-webm: aa71ff27fc2769a1b78a27578f13a17b -> 
  custom:container-demuxer-webm: 4f35f7cbe854078d1ac9338744f61a02 -> 
  custom:video-encoder-webm-vp8: eb34c28f22e8b96e1ab97ce403110664 -> 
  custom:video-codec-MediaFoundation-h265: 746d11721c4dcdbdad8f713fa42b33f4 -> 
  custom:audio-encoder-webm-vorbis: bf7c407c2cedff20999df2af8eb42d56 -> 
  custom:framework-win-MediaFoundation: 216162199b28c13a410421893ffa2e32 -> 
  custom:container-demuxer-ogg: 62fdf1f143b41e24485cea50d1cbac27 -> 
  custom:video-decoder-webm-vp8: 9c59270c3fd7afecdb556c50c9e8de78 -> 
  custom:audio-decoder-ogg-vorbis: bf7c407c2cedff20999df2af8eb42d56 -> 
========================================================================
Received Prepare
Registering precompiled user dll's ...
Registered in 0.004629 seconds.
Begin MonoManager ReloadAssembly
Symbol file LoadedFromMemory doesn't match image D:\Unity_projects\Imaginarium_Git\Imaginarium\Library\PackageCache\com.unity.visualscripting@1.7.6\Editor\VisualScripting.Core\Dependencies\DotNetZip\Unity.VisualScripting.IonicZip.dll
Symbol file LoadedFromMemory doesn't match image D:\Unity_projects\Imaginarium_Git\Imaginarium\Library\PackageCache\com.unity.visualscripting@1.7.6\Editor\VisualScripting.Core\Dependencies\YamlDotNet\Unity.VisualScripting.YamlDotNet.dll
Symbol file LoadedFromMemory is not a mono symbol file
Native extension for WindowsStandalone target not found
Native extension for iOS target not found
Native extension for Android target not found
Refreshing native plugins compatible for Editor in 0.97 ms, found 4 plugins.
Preloading 0 native plugins for Editor in 0.00 ms.
Mono: successfully reloaded assembly
- Completed reload, in  0.903 seconds
Domain Reload Profiling:
	ReloadAssembly (904ms)
		BeginReloadAssembly (124ms)
			ExecutionOrderSort (0ms)
			DisableScriptedObjects (8ms)
			BackupInstance (0ms)
			ReleaseScriptingObjects (0ms)
			CreateAndSetChildDomain (33ms)
		EndReloadAssembly (689ms)
			LoadAssemblies (88ms)
			RebuildTransferFunctionScriptingTraits (0ms)
			SetupTypeCache (211ms)
			ReleaseScriptCaches (1ms)
			RebuildScriptCaches (42ms)
			SetupLoadedEditorAssemblies (310ms)
				LogAssemblyErrors (0ms)
				InitializePlatformSupportModulesInManaged (30ms)
				SetLoadedEditorAssemblies (0ms)
				RefreshPlugins (1ms)
				BeforeProcessingInitializeOnLoad (73ms)
				ProcessInitializeOnLoadAttributes (166ms)
				ProcessInitializeOnLoadMethodAttributes (31ms)
				AfterProcessingInitializeOnLoad (8ms)
				EditorAssembliesLoaded (0ms)
			ExecutionOrderSort2 (0ms)
			AwakeInstancesAfterBackupRestoration (7ms)
Platform modules already initialized, skipping
Refreshing native plugins compatible for Editor in 2.91 ms, found 4 plugins.
Preloading 0 native plugins for Editor in 0.00 ms.
Unloading 4384 Unused Serialized files (Serialized files now loaded: 0)
Unloading 50 unused Assets / (193.8 KB). Loaded Objects now: 4871.
Memory consumption went from 168.1 MB to 167.9 MB.
Total: 3.528200 ms (FindLiveObjects: 0.309200 ms CreateObjectMapping: 0.102700 ms MarkObjects: 2.959300 ms  DeleteObjects: 0.155700 ms)

AssetImportParameters requested are different than current active one (requested -> active):
  custom:video-decoder-ogg-theora: a1e56fd34408186e4bbccfd4996cb3dc -> 
  custom:container-muxer-webm: aa71ff27fc2769a1b78a27578f13a17b -> 
  custom:container-demuxer-webm: 4f35f7cbe854078d1ac9338744f61a02 -> 
  custom:video-encoder-webm-vp8: eb34c28f22e8b96e1ab97ce403110664 -> 
  custom:video-codec-MediaFoundation-h265: 746d11721c4dcdbdad8f713fa42b33f4 -> 
  custom:audio-encoder-webm-vorbis: bf7c407c2cedff20999df2af8eb42d56 -> 
  custom:framework-win-MediaFoundation: 216162199b28c13a410421893ffa2e32 -> 
  custom:container-demuxer-ogg: 62fdf1f143b41e24485cea50d1cbac27 -> 
  custom:video-decoder-webm-vp8: 9c59270c3fd7afecdb556c50c9e8de78 -> 
  custom:audio-decoder-ogg-vorbis: bf7c407c2cedff20999df2af8eb42d56 -> 
========================================================================
Received Prepare
Registering precompiled user dll's ...
Registered in 0.004701 seconds.
Begin MonoManager ReloadAssembly
Symbol file LoadedFromMemory doesn't match image D:\Unity_projects\Imaginarium_Git\Imaginarium\Library\PackageCache\com.unity.visualscripting@1.7.6\Editor\VisualScripting.Core\Dependencies\DotNetZip\Unity.VisualScripting.IonicZip.dll
Symbol file LoadedFromMemory doesn't match image D:\Unity_projects\Imaginarium_Git\Imaginarium\Library\PackageCache\com.unity.visualscripting@1.7.6\Editor\VisualScripting.Core\Dependencies\YamlDotNet\Unity.VisualScripting.YamlDotNet.dll
Symbol file LoadedFromMemory is not a mono symbol file
Native extension for WindowsStandalone target not found
Native extension for iOS target not found
Native extension for Android target not found
Refreshing native plugins compatible for Editor in 0.96 ms, found 4 plugins.
Preloading 0 native plugins for Editor in 0.00 ms.
Mono: successfully reloaded assembly
- Completed reload, in  0.973 seconds
Domain Reload Profiling:
	ReloadAssembly (974ms)
		BeginReloadAssembly (121ms)
			ExecutionOrderSort (0ms)
			DisableScriptedObjects (6ms)
			BackupInstance (0ms)
			ReleaseScriptingObjects (0ms)
			CreateAndSetChildDomain (33ms)
		EndReloadAssembly (759ms)
			LoadAssemblies (89ms)
			RebuildTransferFunctionScriptingTraits (0ms)
			SetupTypeCache (240ms)
			ReleaseScriptCaches (1ms)
			RebuildScriptCaches (43ms)
			SetupLoadedEditorAssemblies (336ms)
				LogAssemblyErrors (0ms)
				InitializePlatformSupportModulesInManaged (35ms)
				SetLoadedEditorAssemblies (0ms)
				RefreshPlugins (1ms)
				BeforeProcessingInitializeOnLoad (81ms)
				ProcessInitializeOnLoadAttributes (176ms)
				ProcessInitializeOnLoadMethodAttributes (34ms)
				AfterProcessingInitializeOnLoad (9ms)
				EditorAssembliesLoaded (0ms)
			ExecutionOrderSort2 (0ms)
			AwakeInstancesAfterBackupRestoration (8ms)
Platform modules already initialized, skipping
Refreshing native plugins compatible for Editor in 2.95 ms, found 4 plugins.
Preloading 0 native plugins for Editor in 0.00 ms.
Unloading 4384 Unused Serialized files (Serialized files now loaded: 0)
Unloading 50 unused Assets / (193.5 KB). Loaded Objects now: 4875.
Memory consumption went from 168.1 MB to 167.9 MB.
Total: 3.493200 ms (FindLiveObjects: 0.347800 ms CreateObjectMapping: 0.131400 ms MarkObjects: 2.857600 ms  DeleteObjects: 0.154700 ms)

AssetImportParameters requested are different than current active one (requested -> active):
  custom:video-decoder-ogg-theora: a1e56fd34408186e4bbccfd4996cb3dc -> 
  custom:container-muxer-webm: aa71ff27fc2769a1b78a27578f13a17b -> 
  custom:container-demuxer-webm: 4f35f7cbe854078d1ac9338744f61a02 -> 
  custom:video-encoder-webm-vp8: eb34c28f22e8b96e1ab97ce403110664 -> 
  custom:video-codec-MediaFoundation-h265: 746d11721c4dcdbdad8f713fa42b33f4 -> 
  custom:audio-encoder-webm-vorbis: bf7c407c2cedff20999df2af8eb42d56 -> 
  custom:framework-win-MediaFoundation: 216162199b28c13a410421893ffa2e32 -> 
  custom:container-demuxer-ogg: 62fdf1f143b41e24485cea50d1cbac27 -> 
  custom:video-decoder-webm-vp8: 9c59270c3fd7afecdb556c50c9e8de78 -> 
  custom:audio-decoder-ogg-vorbis: bf7c407c2cedff20999df2af8eb42d56 -> 
========================================================================
Received Prepare
Registering precompiled user dll's ...
Registered in 0.004872 seconds.
Begin MonoManager ReloadAssembly
Symbol file LoadedFromMemory doesn't match image D:\Unity_projects\Imaginarium_Git\Imaginarium\Library\PackageCache\com.unity.visualscripting@1.7.6\Editor\VisualScripting.Core\Dependencies\DotNetZip\Unity.VisualScripting.IonicZip.dll
Symbol file LoadedFromMemory doesn't match image D:\Unity_projects\Imaginarium_Git\Imaginarium\Library\PackageCache\com.unity.visualscripting@1.7.6\Editor\VisualScripting.Core\Dependencies\YamlDotNet\Unity.VisualScripting.YamlDotNet.dll
Symbol file LoadedFromMemory is not a mono symbol file
Native extension for WindowsStandalone target not found
Native extension for iOS target not found
Native extension for Android target not found
Refreshing native plugins compatible for Editor in 0.91 ms, found 4 plugins.
Preloading 0 native plugins for Editor in 0.00 ms.
Mono: successfully reloaded assembly
- Completed reload, in  0.886 seconds
Domain Reload Profiling:
	ReloadAssembly (886ms)
		BeginReloadAssembly (120ms)
			ExecutionOrderSort (0ms)
			DisableScriptedObjects (6ms)
			BackupInstance (0ms)
			ReleaseScriptingObjects (0ms)
			CreateAndSetChildDomain (33ms)
		EndReloadAssembly (673ms)
			LoadAssemblies (84ms)
			RebuildTransferFunctionScriptingTraits (0ms)
			SetupTypeCache (209ms)
			ReleaseScriptCaches (1ms)
			RebuildScriptCaches (42ms)
			SetupLoadedEditorAssemblies (301ms)
				LogAssemblyErrors (0ms)
				InitializePlatformSupportModulesInManaged (31ms)
				SetLoadedEditorAssemblies (0ms)
				RefreshPlugins (1ms)
				BeforeProcessingInitializeOnLoad (74ms)
				ProcessInitializeOnLoadAttributes (157ms)
				ProcessInitializeOnLoadMethodAttributes (30ms)
				AfterProcessingInitializeOnLoad (8ms)
				EditorAssembliesLoaded (0ms)
			ExecutionOrderSort2 (0ms)
			AwakeInstancesAfterBackupRestoration (7ms)
Platform modules already initialized, skipping
Refreshing native plugins compatible for Editor in 2.81 ms, found 4 plugins.
Preloading 0 native plugins for Editor in 0.00 ms.
Unloading 4384 Unused Serialized files (Serialized files now loaded: 0)
Unloading 50 unused Assets / (193.8 KB). Loaded Objects now: 4879.
Memory consumption went from 168.1 MB to 167.9 MB.
Total: 3.871000 ms (FindLiveObjects: 0.419900 ms CreateObjectMapping: 0.260300 ms MarkObjects: 2.966200 ms  DeleteObjects: 0.222700 ms)

AssetImportParameters requested are different than current active one (requested -> active):
  custom:video-decoder-ogg-theora: a1e56fd34408186e4bbccfd4996cb3dc -> 
  custom:container-muxer-webm: aa71ff27fc2769a1b78a27578f13a17b -> 
  custom:container-demuxer-webm: 4f35f7cbe854078d1ac9338744f61a02 -> 
  custom:video-encoder-webm-vp8: eb34c28f22e8b96e1ab97ce403110664 -> 
  custom:video-codec-MediaFoundation-h265: 746d11721c4dcdbdad8f713fa42b33f4 -> 
  custom:audio-encoder-webm-vorbis: bf7c407c2cedff20999df2af8eb42d56 -> 
  custom:framework-win-MediaFoundation: 216162199b28c13a410421893ffa2e32 -> 
  custom:container-demuxer-ogg: 62fdf1f143b41e24485cea50d1cbac27 -> 
  custom:video-decoder-webm-vp8: 9c59270c3fd7afecdb556c50c9e8de78 -> 
  custom:audio-decoder-ogg-vorbis: bf7c407c2cedff20999df2af8eb42d56 -> 
========================================================================
Received Prepare
Registering precompiled user dll's ...
Registered in 0.005395 seconds.
Begin MonoManager ReloadAssembly
Symbol file LoadedFromMemory doesn't match image D:\Unity_projects\Imaginarium_Git\Imaginarium\Library\PackageCache\com.unity.visualscripting@1.7.6\Editor\VisualScripting.Core\Dependencies\DotNetZip\Unity.VisualScripting.IonicZip.dll
Symbol file LoadedFromMemory doesn't match image D:\Unity_projects\Imaginarium_Git\Imaginarium\Library\PackageCache\com.unity.visualscripting@1.7.6\Editor\VisualScripting.Core\Dependencies\YamlDotNet\Unity.VisualScripting.YamlDotNet.dll
Symbol file LoadedFromMemory is not a mono symbol file
Native extension for WindowsStandalone target not found
Native extension for iOS target not found
Native extension for Android target not found
Refreshing native plugins compatible for Editor in 0.93 ms, found 4 plugins.
Preloading 0 native plugins for Editor in 0.00 ms.
Mono: successfully reloaded assembly
- Completed reload, in  0.915 seconds
Domain Reload Profiling:
	ReloadAssembly (915ms)
		BeginReloadAssembly (122ms)
			ExecutionOrderSort (0ms)
			DisableScriptedObjects (7ms)
			BackupInstance (0ms)
			ReleaseScriptingObjects (0ms)
			CreateAndSetChildDomain (35ms)
		EndReloadAssembly (701ms)
			LoadAssemblies (89ms)
			RebuildTransferFunctionScriptingTraits (0ms)
			SetupTypeCache (227ms)
			ReleaseScriptCaches (1ms)
			RebuildScriptCaches (43ms)
			SetupLoadedEditorAssemblies (304ms)
				LogAssemblyErrors (0ms)
				InitializePlatformSupportModulesInManaged (30ms)
				SetLoadedEditorAssemblies (0ms)
				RefreshPlugins (1ms)
				BeforeProcessingInitializeOnLoad (73ms)
				ProcessInitializeOnLoadAttributes (161ms)
				ProcessInitializeOnLoadMethodAttributes (31ms)
				AfterProcessingInitializeOnLoad (8ms)
				EditorAssembliesLoaded (0ms)
			ExecutionOrderSort2 (0ms)
			AwakeInstancesAfterBackupRestoration (7ms)
Platform modules already initialized, skipping
Refreshing native plugins compatible for Editor in 2.88 ms, found 4 plugins.
Preloading 0 native plugins for Editor in 0.00 ms.
Unloading 4384 Unused Serialized files (Serialized files now loaded: 0)
Unloading 50 unused Assets / (193.7 KB). Loaded Objects now: 4883.
Memory consumption went from 168.1 MB to 167.9 MB.
Total: 3.577100 ms (FindLiveObjects: 0.310800 ms CreateObjectMapping: 0.100600 ms MarkObjects: 3.001100 ms  DeleteObjects: 0.163100 ms)

AssetImportParameters requested are different than current active one (requested -> active):
  custom:video-decoder-ogg-theora: a1e56fd34408186e4bbccfd4996cb3dc -> 
  custom:container-muxer-webm: aa71ff27fc2769a1b78a27578f13a17b -> 
  custom:container-demuxer-webm: 4f35f7cbe854078d1ac9338744f61a02 -> 
  custom:video-encoder-webm-vp8: eb34c28f22e8b96e1ab97ce403110664 -> 
  custom:video-codec-MediaFoundation-h265: 746d11721c4dcdbdad8f713fa42b33f4 -> 
  custom:audio-encoder-webm-vorbis: bf7c407c2cedff20999df2af8eb42d56 -> 
  custom:framework-win-MediaFoundation: 216162199b28c13a410421893ffa2e32 -> 
  custom:container-demuxer-ogg: 62fdf1f143b41e24485cea50d1cbac27 -> 
  custom:video-decoder-webm-vp8: 9c59270c3fd7afecdb556c50c9e8de78 -> 
  custom:audio-decoder-ogg-vorbis: bf7c407c2cedff20999df2af8eb42d56 -> 
========================================================================
Received Prepare
Registering precompiled user dll's ...
Registered in 0.004498 seconds.
Begin MonoManager ReloadAssembly
Symbol file LoadedFromMemory doesn't match image D:\Unity_projects\Imaginarium_Git\Imaginarium\Library\PackageCache\com.unity.visualscripting@1.7.6\Editor\VisualScripting.Core\Dependencies\DotNetZip\Unity.VisualScripting.IonicZip.dll
Symbol file LoadedFromMemory doesn't match image D:\Unity_projects\Imaginarium_Git\Imaginarium\Library\PackageCache\com.unity.visualscripting@1.7.6\Editor\VisualScripting.Core\Dependencies\YamlDotNet\Unity.VisualScripting.YamlDotNet.dll
Symbol file LoadedFromMemory is not a mono symbol file
Native extension for WindowsStandalone target not found
Native extension for iOS target not found
Native extension for Android target not found
Refreshing native plugins compatible for Editor in 0.96 ms, found 4 plugins.
Preloading 0 native plugins for Editor in 0.00 ms.
Mono: successfully reloaded assembly
- Completed reload, in  0.882 seconds
Domain Reload Profiling:
	ReloadAssembly (882ms)
		BeginReloadAssembly (117ms)
			ExecutionOrderSort (0ms)
			DisableScriptedObjects (6ms)
			BackupInstance (0ms)
			ReleaseScriptingObjects (0ms)
			CreateAndSetChildDomain (31ms)
		EndReloadAssembly (674ms)
			LoadAssemblies (85ms)
			RebuildTransferFunctionScriptingTraits (0ms)
			SetupTypeCache (206ms)
			ReleaseScriptCaches (2ms)
			RebuildScriptCaches (45ms)
			SetupLoadedEditorAssemblies (300ms)
				LogAssemblyErrors (0ms)
				InitializePlatformSupportModulesInManaged (30ms)
				SetLoadedEditorAssemblies (0ms)
				RefreshPlugins (1ms)
				BeforeProcessingInitializeOnLoad (75ms)
				ProcessInitializeOnLoadAttributes (155ms)
				ProcessInitializeOnLoadMethodAttributes (31ms)
				AfterProcessingInitializeOnLoad (8ms)
				EditorAssembliesLoaded (0ms)
			ExecutionOrderSort2 (0ms)
			AwakeInstancesAfterBackupRestoration (7ms)
Platform modules already initialized, skipping
Refreshing native plugins compatible for Editor in 2.83 ms, found 4 plugins.
Preloading 0 native plugins for Editor in 0.00 ms.
Unloading 4384 Unused Serialized files (Serialized files now loaded: 0)
Unloading 50 unused Assets / (193.6 KB). Loaded Objects now: 4887.
Memory consumption went from 168.1 MB to 167.9 MB.
Total: 3.646800 ms (FindLiveObjects: 0.423800 ms CreateObjectMapping: 0.198100 ms MarkObjects: 2.857800 ms  DeleteObjects: 0.165400 ms)

AssetImportParameters requested are different than current active one (requested -> active):
  custom:video-decoder-ogg-theora: a1e56fd34408186e4bbccfd4996cb3dc -> 
  custom:container-muxer-webm: aa71ff27fc2769a1b78a27578f13a17b -> 
  custom:container-demuxer-webm: 4f35f7cbe854078d1ac9338744f61a02 -> 
  custom:video-encoder-webm-vp8: eb34c28f22e8b96e1ab97ce403110664 -> 
  custom:video-codec-MediaFoundation-h265: 746d11721c4dcdbdad8f713fa42b33f4 -> 
  custom:audio-encoder-webm-vorbis: bf7c407c2cedff20999df2af8eb42d56 -> 
  custom:framework-win-MediaFoundation: 216162199b28c13a410421893ffa2e32 -> 
  custom:container-demuxer-ogg: 62fdf1f143b41e24485cea50d1cbac27 -> 
  custom:video-decoder-webm-vp8: 9c59270c3fd7afecdb556c50c9e8de78 -> 
  custom:audio-decoder-ogg-vorbis: bf7c407c2cedff20999df2af8eb42d56 -> 
========================================================================
Received Prepare
Registering precompiled user dll's ...
Registered in 0.005827 seconds.
Begin MonoManager ReloadAssembly
Symbol file LoadedFromMemory doesn't match image D:\Unity_projects\Imaginarium_Git\Imaginarium\Library\PackageCache\com.unity.visualscripting@1.7.6\Editor\VisualScripting.Core\Dependencies\DotNetZip\Unity.VisualScripting.IonicZip.dll
Symbol file LoadedFromMemory doesn't match image D:\Unity_projects\Imaginarium_Git\Imaginarium\Library\PackageCache\com.unity.visualscripting@1.7.6\Editor\VisualScripting.Core\Dependencies\YamlDotNet\Unity.VisualScripting.YamlDotNet.dll
Symbol file LoadedFromMemory is not a mono symbol file
Native extension for WindowsStandalone target not found
Native extension for iOS target not found
Native extension for Android target not found
Refreshing native plugins compatible for Editor in 1.00 ms, found 4 plugins.
Preloading 0 native plugins for Editor in 0.00 ms.
Mono: successfully reloaded assembly
- Completed reload, in  0.906 seconds
Domain Reload Profiling:
	ReloadAssembly (907ms)
		BeginReloadAssembly (126ms)
			ExecutionOrderSort (0ms)
			DisableScriptedObjects (6ms)
			BackupInstance (0ms)
			ReleaseScriptingObjects (0ms)
			CreateAndSetChildDomain (34ms)
		EndReloadAssembly (692ms)
			LoadAssemblies (91ms)
			RebuildTransferFunctionScriptingTraits (0ms)
			SetupTypeCache (220ms)
			ReleaseScriptCaches (1ms)
			RebuildScriptCaches (42ms)
			SetupLoadedEditorAssemblies (303ms)
				LogAssemblyErrors (0ms)
				InitializePlatformSupportModulesInManaged (29ms)
				SetLoadedEditorAssemblies (0ms)
				RefreshPlugins (1ms)
				BeforeProcessingInitializeOnLoad (72ms)
				ProcessInitializeOnLoadAttributes (161ms)
				ProcessInitializeOnLoadMethodAttributes (30ms)
				AfterProcessingInitializeOnLoad (9ms)
				EditorAssembliesLoaded (0ms)
			ExecutionOrderSort2 (0ms)
			AwakeInstancesAfterBackupRestoration (7ms)
Platform modules already initialized, skipping
Refreshing native plugins compatible for Editor in 2.81 ms, found 4 plugins.
Preloading 0 native plugins for Editor in 0.00 ms.
Unloading 4384 Unused Serialized files (Serialized files now loaded: 0)
Unloading 50 unused Assets / (193.7 KB). Loaded Objects now: 4891.
Memory consumption went from 168.1 MB to 167.9 MB.
Total: 3.530100 ms (FindLiveObjects: 0.430600 ms CreateObjectMapping: 0.198500 ms MarkObjects: 2.739600 ms  DeleteObjects: 0.159900 ms)

AssetImportParameters requested are different than current active one (requested -> active):
  custom:video-decoder-ogg-theora: a1e56fd34408186e4bbccfd4996cb3dc -> 
  custom:container-muxer-webm: aa71ff27fc2769a1b78a27578f13a17b -> 
  custom:container-demuxer-webm: 4f35f7cbe854078d1ac9338744f61a02 -> 
  custom:video-encoder-webm-vp8: eb34c28f22e8b96e1ab97ce403110664 -> 
  custom:video-codec-MediaFoundation-h265: 746d11721c4dcdbdad8f713fa42b33f4 -> 
  custom:audio-encoder-webm-vorbis: bf7c407c2cedff20999df2af8eb42d56 -> 
  custom:framework-win-MediaFoundation: 216162199b28c13a410421893ffa2e32 -> 
  custom:container-demuxer-ogg: 62fdf1f143b41e24485cea50d1cbac27 -> 
  custom:video-decoder-webm-vp8: 9c59270c3fd7afecdb556c50c9e8de78 -> 
  custom:audio-decoder-ogg-vorbis: bf7c407c2cedff20999df2af8eb42d56 -> 
========================================================================
Received Prepare
Registering precompiled user dll's ...
Registered in 0.004351 seconds.
Begin MonoManager ReloadAssembly
Symbol file LoadedFromMemory doesn't match image D:\Unity_projects\Imaginarium_Git\Imaginarium\Library\PackageCache\com.unity.visualscripting@1.7.6\Editor\VisualScripting.Core\Dependencies\DotNetZip\Unity.VisualScripting.IonicZip.dll
Symbol file LoadedFromMemory doesn't match image D:\Unity_projects\Imaginarium_Git\Imaginarium\Library\PackageCache\com.unity.visualscripting@1.7.6\Editor\VisualScripting.Core\Dependencies\YamlDotNet\Unity.VisualScripting.YamlDotNet.dll
Symbol file LoadedFromMemory is not a mono symbol file
Native extension for WindowsStandalone target not found
Native extension for iOS target not found
Native extension for Android target not found
Refreshing native plugins compatible for Editor in 0.91 ms, found 4 plugins.
Preloading 0 native plugins for Editor in 0.00 ms.
Mono: successfully reloaded assembly
- Completed reload, in  0.910 seconds
Domain Reload Profiling:
	ReloadAssembly (911ms)
		BeginReloadAssembly (126ms)
			ExecutionOrderSort (0ms)
			DisableScriptedObjects (6ms)
			BackupInstance (0ms)
			ReleaseScriptingObjects (0ms)
			CreateAndSetChildDomain (35ms)
		EndReloadAssembly (695ms)
			LoadAssemblies (92ms)
			RebuildTransferFunctionScriptingTraits (0ms)
			SetupTypeCache (212ms)
			ReleaseScriptCaches (1ms)
			RebuildScriptCaches (41ms)
			SetupLoadedEditorAssemblies (315ms)
				LogAssemblyErrors (0ms)
				InitializePlatformSupportModulesInManaged (32ms)
				SetLoadedEditorAssemblies (0ms)
				RefreshPlugins (1ms)
				BeforeProcessingInitializeOnLoad (75ms)
				ProcessInitializeOnLoadAttributes (162ms)
				ProcessInitializeOnLoadMethodAttributes (35ms)
				AfterProcessingInitializeOnLoad (10ms)
				EditorAssembliesLoaded (0ms)
			ExecutionOrderSort2 (0ms)
			AwakeInstancesAfterBackupRestoration (8ms)
Platform modules already initialized, skipping
Refreshing native plugins compatible for Editor in 3.28 ms, found 4 plugins.
Preloading 0 native plugins for Editor in 0.00 ms.
Unloading 4384 Unused Serialized files (Serialized files now loaded: 0)
Unloading 50 unused Assets / (193.8 KB). Loaded Objects now: 4895.
Memory consumption went from 168.1 MB to 167.9 MB.
Total: 3.179300 ms (FindLiveObjects: 0.455000 ms CreateObjectMapping: 0.188500 ms MarkObjects: 2.380500 ms  DeleteObjects: 0.153900 ms)

AssetImportParameters requested are different than current active one (requested -> active):
  custom:video-decoder-ogg-theora: a1e56fd34408186e4bbccfd4996cb3dc -> 
  custom:container-muxer-webm: aa71ff27fc2769a1b78a27578f13a17b -> 
  custom:container-demuxer-webm: 4f35f7cbe854078d1ac9338744f61a02 -> 
  custom:video-encoder-webm-vp8: eb34c28f22e8b96e1ab97ce403110664 -> 
  custom:video-codec-MediaFoundation-h265: 746d11721c4dcdbdad8f713fa42b33f4 -> 
  custom:audio-encoder-webm-vorbis: bf7c407c2cedff20999df2af8eb42d56 -> 
  custom:framework-win-MediaFoundation: 216162199b28c13a410421893ffa2e32 -> 
  custom:container-demuxer-ogg: 62fdf1f143b41e24485cea50d1cbac27 -> 
  custom:video-decoder-webm-vp8: 9c59270c3fd7afecdb556c50c9e8de78 -> 
  custom:audio-decoder-ogg-vorbis: bf7c407c2cedff20999df2af8eb42d56 -> 
========================================================================
Received Prepare
Registering precompiled user dll's ...
Registered in 0.004554 seconds.
Begin MonoManager ReloadAssembly
Symbol file LoadedFromMemory doesn't match image D:\Unity_projects\Imaginarium_Git\Imaginarium\Library\PackageCache\com.unity.visualscripting@1.7.6\Editor\VisualScripting.Core\Dependencies\DotNetZip\Unity.VisualScripting.IonicZip.dll
Symbol file LoadedFromMemory doesn't match image D:\Unity_projects\Imaginarium_Git\Imaginarium\Library\PackageCache\com.unity.visualscripting@1.7.6\Editor\VisualScripting.Core\Dependencies\YamlDotNet\Unity.VisualScripting.YamlDotNet.dll
Symbol file LoadedFromMemory is not a mono symbol file
Native extension for WindowsStandalone target not found
Native extension for iOS target not found
Native extension for Android target not found
Refreshing native plugins compatible for Editor in 0.93 ms, found 4 plugins.
Preloading 0 native plugins for Editor in 0.00 ms.
Mono: successfully reloaded assembly
- Completed reload, in  0.915 seconds
Domain Reload Profiling:
	ReloadAssembly (916ms)
		BeginReloadAssembly (117ms)
			ExecutionOrderSort (0ms)
			DisableScriptedObjects (6ms)
			BackupInstance (0ms)
			ReleaseScriptingObjects (0ms)
			CreateAndSetChildDomain (33ms)
		EndReloadAssembly (707ms)
			LoadAssemblies (90ms)
			RebuildTransferFunctionScriptingTraits (0ms)
			SetupTypeCache (216ms)
			ReleaseScriptCaches (1ms)
			RebuildScriptCaches (47ms)
			SetupLoadedEditorAssemblies (312ms)
				LogAssemblyErrors (0ms)
				InitializePlatformSupportModulesInManaged (31ms)
				SetLoadedEditorAssemblies (0ms)
				RefreshPlugins (1ms)
				BeforeProcessingInitializeOnLoad (76ms)
				ProcessInitializeOnLoadAttributes (163ms)
				ProcessInitializeOnLoadMethodAttributes (32ms)
				AfterProcessingInitializeOnLoad (8ms)
				EditorAssembliesLoaded (0ms)
			ExecutionOrderSort2 (0ms)
			AwakeInstancesAfterBackupRestoration (7ms)
Platform modules already initialized, skipping
Refreshing native plugins compatible for Editor in 3.14 ms, found 4 plugins.
Preloading 0 native plugins for Editor in 0.00 ms.
Unloading 4384 Unused Serialized files (Serialized files now loaded: 0)
Unloading 50 unused Assets / (193.6 KB). Loaded Objects now: 4899.
Memory consumption went from 168.1 MB to 168.0 MB.
Total: 3.533100 ms (FindLiveObjects: 0.373700 ms CreateObjectMapping: 0.172500 ms MarkObjects: 2.819600 ms  DeleteObjects: 0.165900 ms)

AssetImportParameters requested are different than current active one (requested -> active):
  custom:video-decoder-ogg-theora: a1e56fd34408186e4bbccfd4996cb3dc -> 
  custom:container-muxer-webm: aa71ff27fc2769a1b78a27578f13a17b -> 
  custom:container-demuxer-webm: 4f35f7cbe854078d1ac9338744f61a02 -> 
  custom:video-encoder-webm-vp8: eb34c28f22e8b96e1ab97ce403110664 -> 
  custom:video-codec-MediaFoundation-h265: 746d11721c4dcdbdad8f713fa42b33f4 -> 
  custom:audio-encoder-webm-vorbis: bf7c407c2cedff20999df2af8eb42d56 -> 
  custom:framework-win-MediaFoundation: 216162199b28c13a410421893ffa2e32 -> 
  custom:container-demuxer-ogg: 62fdf1f143b41e24485cea50d1cbac27 -> 
  custom:video-decoder-webm-vp8: 9c59270c3fd7afecdb556c50c9e8de78 -> 
  custom:audio-decoder-ogg-vorbis: bf7c407c2cedff20999df2af8eb42d56 -> 
========================================================================
Received Prepare
Registering precompiled user dll's ...
Registered in 0.004348 seconds.
Begin MonoManager ReloadAssembly
Symbol file LoadedFromMemory doesn't match image D:\Unity_projects\Imaginarium_Git\Imaginarium\Library\PackageCache\com.unity.visualscripting@1.7.6\Editor\VisualScripting.Core\Dependencies\DotNetZip\Unity.VisualScripting.IonicZip.dll
Symbol file LoadedFromMemory doesn't match image D:\Unity_projects\Imaginarium_Git\Imaginarium\Library\PackageCache\com.unity.visualscripting@1.7.6\Editor\VisualScripting.Core\Dependencies\YamlDotNet\Unity.VisualScripting.YamlDotNet.dll
Symbol file LoadedFromMemory is not a mono symbol file
Native extension for WindowsStandalone target not found
Native extension for iOS target not found
Native extension for Android target not found
Refreshing native plugins compatible for Editor in 1.07 ms, found 4 plugins.
Preloading 0 native plugins for Editor in 0.00 ms.
Mono: successfully reloaded assembly
- Completed reload, in  1.103 seconds
Domain Reload Profiling:
	ReloadAssembly (1104ms)
		BeginReloadAssembly (208ms)
			ExecutionOrderSort (0ms)
			DisableScriptedObjects (18ms)
			BackupInstance (0ms)
			ReleaseScriptingObjects (0ms)
			CreateAndSetChildDomain (83ms)
		EndReloadAssembly (797ms)
			LoadAssemblies (113ms)
			RebuildTransferFunctionScriptingTraits (0ms)
			SetupTypeCache (237ms)
			ReleaseScriptCaches (2ms)
			RebuildScriptCaches (50ms)
			SetupLoadedEditorAssemblies (356ms)
				LogAssemblyErrors (0ms)
				InitializePlatformSupportModulesInManaged (35ms)
				SetLoadedEditorAssemblies (0ms)
				RefreshPlugins (1ms)
				BeforeProcessingInitializeOnLoad (81ms)
				ProcessInitializeOnLoadAttributes (193ms)
				ProcessInitializeOnLoadMethodAttributes (37ms)
				AfterProcessingInitializeOnLoad (9ms)
				EditorAssembliesLoaded (0ms)
			ExecutionOrderSort2 (0ms)
			AwakeInstancesAfterBackupRestoration (9ms)
Platform modules already initialized, skipping
Refreshing native plugins compatible for Editor in 3.51 ms, found 4 plugins.
Preloading 0 native plugins for Editor in 0.00 ms.
Unloading 4384 Unused Serialized files (Serialized files now loaded: 0)
Unloading 50 unused Assets / (193.5 KB). Loaded Objects now: 4903.
Memory consumption went from 168.2 MB to 168.0 MB.
Total: 4.114600 ms (FindLiveObjects: 0.407700 ms CreateObjectMapping: 0.136100 ms MarkObjects: 3.233100 ms  DeleteObjects: 0.336500 ms)

AssetImportParameters requested are different than current active one (requested -> active):
  custom:video-decoder-ogg-theora: a1e56fd34408186e4bbccfd4996cb3dc -> 
  custom:container-muxer-webm: aa71ff27fc2769a1b78a27578f13a17b -> 
  custom:container-demuxer-webm: 4f35f7cbe854078d1ac9338744f61a02 -> 
  custom:video-encoder-webm-vp8: eb34c28f22e8b96e1ab97ce403110664 -> 
  custom:video-codec-MediaFoundation-h265: 746d11721c4dcdbdad8f713fa42b33f4 -> 
  custom:audio-encoder-webm-vorbis: bf7c407c2cedff20999df2af8eb42d56 -> 
  custom:framework-win-MediaFoundation: 216162199b28c13a410421893ffa2e32 -> 
  custom:container-demuxer-ogg: 62fdf1f143b41e24485cea50d1cbac27 -> 
  custom:video-decoder-webm-vp8: 9c59270c3fd7afecdb556c50c9e8de78 -> 
  custom:audio-decoder-ogg-vorbis: bf7c407c2cedff20999df2af8eb42d56 -> 
